Start testing: Apr 02 19:55 EDT
----------------------------------------------------------
1/59 Testing: BluntMathTest.ClampAndNormalizeRange
1/59 Test: BluntMathTest.ClampAndNormalizeRange
Command: "/mnt/c/Users/allen/Downloads/archivedwl-490/League-Soccer/build-wsl-headless/tests/gameplayfootball_math_tests" "--gtest_filter=BluntMathTest.ClampAndNormalizeRange" "--gtest_also_run_disabled_tests"
Directory: /mnt/c/Users/allen/Downloads/archivedwl-490/League-Soccer/build-wsl-headless/tests
"BluntMathTest.ClampAndNormalizeRange" start time: Apr 02 19:55 EDT
Output:
----------------------------------------------------------
Running main() from /mnt/c/Users/allen/Downloads/archivedwl-490/League-Soccer/build-wsl-headless/_deps/googletest-src/googletest/src/gtest_main.cc
Note: Google Test filter = BluntMathTest.ClampAndNormalizeRange
[==========] Running 1 test from 1 test suite.
[----------] Global test environment set-up.
[----------] 1 test from BluntMathTest
[ RUN      ] BluntMathTest.ClampAndNormalizeRange
[       OK ] BluntMathTest.ClampAndNormalizeRange (0 ms)
[----------] 1 test from BluntMathTest (0 ms total)

[----------] Global test environment tear-down
[==========] 1 test from 1 test suite ran. (0 ms total)
[  PASSED  ] 1 test.
<end of output>
Test time =   0.01 sec
----------------------------------------------------------
Test Passed.
"BluntMathTest.ClampAndNormalizeRange" end time: Apr 02 19:55 EDT
"BluntMathTest.ClampAndNormalizeRange" time elapsed: 00:00:00
----------------------------------------------------------

2/59 Testing: BluntMathTest.ModulatesValuesAndComputesParityHelpers
2/59 Test: BluntMathTest.ModulatesValuesAndComputesParityHelpers
Command: "/mnt/c/Users/allen/Downloads/archivedwl-490/League-Soccer/build-wsl-headless/tests/gameplayfootball_math_tests" "--gtest_filter=BluntMathTest.ModulatesValuesAndComputesParityHelpers" "--gtest_also_run_disabled_tests"
Directory: /mnt/c/Users/allen/Downloads/archivedwl-490/League-Soccer/build-wsl-headless/tests
"BluntMathTest.ModulatesValuesAndComputesParityHelpers" start time: Apr 02 19:55 EDT
Output:
----------------------------------------------------------
Running main() from /mnt/c/Users/allen/Downloads/archivedwl-490/League-Soccer/build-wsl-headless/_deps/googletest-src/googletest/src/gtest_main.cc
Note: Google Test filter = BluntMathTest.ModulatesValuesAndComputesParityHelpers
[==========] Running 1 test from 1 test suite.
[----------] Global test environment set-up.
[----------] 1 test from BluntMathTest
[ RUN      ] BluntMathTest.ModulatesValuesAndComputesParityHelpers
[       OK ] BluntMathTest.ModulatesValuesAndComputesParityHelpers (0 ms)
[----------] 1 test from BluntMathTest (0 ms total)

[----------] Global test environment tear-down
[==========] 1 test from 1 test suite ran. (0 ms total)
[  PASSED  ] 1 test.
<end of output>
Test time =   0.01 sec
----------------------------------------------------------
Test Passed.
"BluntMathTest.ModulatesValuesAndComputesParityHelpers" end time: Apr 02 19:55 EDT
"BluntMathTest.ModulatesValuesAndComputesParityHelpers" time elapsed: 00:00:00
----------------------------------------------------------

3/59 Testing: Vector3Test.ComputesCrossDotAndDistance
3/59 Test: Vector3Test.ComputesCrossDotAndDistance
Command: "/mnt/c/Users/allen/Downloads/archivedwl-490/League-Soccer/build-wsl-headless/tests/gameplayfootball_math_tests" "--gtest_filter=Vector3Test.ComputesCrossDotAndDistance" "--gtest_also_run_disabled_tests"
Directory: /mnt/c/Users/allen/Downloads/archivedwl-490/League-Soccer/build-wsl-headless/tests
"Vector3Test.ComputesCrossDotAndDistance" start time: Apr 02 19:55 EDT
Output:
----------------------------------------------------------
Running main() from /mnt/c/Users/allen/Downloads/archivedwl-490/League-Soccer/build-wsl-headless/_deps/googletest-src/googletest/src/gtest_main.cc
Note: Google Test filter = Vector3Test.ComputesCrossDotAndDistance
[==========] Running 1 test from 1 test suite.
[----------] Global test environment set-up.
[----------] 1 test from Vector3Test
[ RUN      ] Vector3Test.ComputesCrossDotAndDistance
[       OK ] Vector3Test.ComputesCrossDotAndDistance (0 ms)
[----------] 1 test from Vector3Test (0 ms total)

[----------] Global test environment tear-down
[==========] 1 test from 1 test suite ran. (0 ms total)
[  PASSED  ] 1 test.
<end of output>
Test time =   0.01 sec
----------------------------------------------------------
Test Passed.
"Vector3Test.ComputesCrossDotAndDistance" end time: Apr 02 19:55 EDT
"Vector3Test.ComputesCrossDotAndDistance" time elapsed: 00:00:00
----------------------------------------------------------

4/59 Testing: Vector3Test.NormalizesAndFallsBackFromZeroVector
4/59 Test: Vector3Test.NormalizesAndFallsBackFromZeroVector
Command: "/mnt/c/Users/allen/Downloads/archivedwl-490/League-Soccer/build-wsl-headless/tests/gameplayfootball_math_tests" "--gtest_filter=Vector3Test.NormalizesAndFallsBackFromZeroVector" "--gtest_also_run_disabled_tests"
Directory: /mnt/c/Users/allen/Downloads/archivedwl-490/League-Soccer/build-wsl-headless/tests
"Vector3Test.NormalizesAndFallsBackFromZeroVector" start time: Apr 02 19:55 EDT
Output:
----------------------------------------------------------
Running main() from /mnt/c/Users/allen/Downloads/archivedwl-490/League-Soccer/build-wsl-headless/_deps/googletest-src/googletest/src/gtest_main.cc
Note: Google Test filter = Vector3Test.NormalizesAndFallsBackFromZeroVector
[==========] Running 1 test from 1 test suite.
[----------] Global test environment set-up.
[----------] 1 test from Vector3Test
[ RUN      ] Vector3Test.NormalizesAndFallsBackFromZeroVector
[       OK ] Vector3Test.NormalizesAndFallsBackFromZeroVector (0 ms)
[----------] 1 test from Vector3Test (0 ms total)

[----------] Global test environment tear-down
[==========] 1 test from 1 test suite ran. (0 ms total)
[  PASSED  ] 1 test.
<end of output>
Test time =   0.01 sec
----------------------------------------------------------
Test Passed.
"Vector3Test.NormalizesAndFallsBackFromZeroVector" end time: Apr 02 19:55 EDT
"Vector3Test.NormalizesAndFallsBackFromZeroVector" time elapsed: 00:00:00
----------------------------------------------------------

5/59 Testing: Vector3Test.RotatesInTwoDimensionsWithoutChangingHeight
5/59 Test: Vector3Test.RotatesInTwoDimensionsWithoutChangingHeight
Command: "/mnt/c/Users/allen/Downloads/archivedwl-490/League-Soccer/build-wsl-headless/tests/gameplayfootball_math_tests" "--gtest_filter=Vector3Test.RotatesInTwoDimensionsWithoutChangingHeight" "--gtest_also_run_disabled_tests"
Directory: /mnt/c/Users/allen/Downloads/archivedwl-490/League-Soccer/build-wsl-headless/tests
"Vector3Test.RotatesInTwoDimensionsWithoutChangingHeight" start time: Apr 02 19:55 EDT
Output:
----------------------------------------------------------
Running main() from /mnt/c/Users/allen/Downloads/archivedwl-490/League-Soccer/build-wsl-headless/_deps/googletest-src/googletest/src/gtest_main.cc
Note: Google Test filter = Vector3Test.RotatesInTwoDimensionsWithoutChangingHeight
[==========] Running 1 test from 1 test suite.
[----------] Global test environment set-up.
[----------] 1 test from Vector3Test
[ RUN      ] Vector3Test.RotatesInTwoDimensionsWithoutChangingHeight
[       OK ] Vector3Test.RotatesInTwoDimensionsWithoutChangingHeight (0 ms)
[----------] 1 test from Vector3Test (0 ms total)

[----------] Global test environment tear-down
[==========] 1 test from 1 test suite ran. (0 ms total)
[  PASSED  ] 1 test.
<end of output>
Test time =   0.01 sec
----------------------------------------------------------
Test Passed.
"Vector3Test.RotatesInTwoDimensionsWithoutChangingHeight" end time: Apr 02 19:55 EDT
"Vector3Test.RotatesInTwoDimensionsWithoutChangingHeight" time elapsed: 00:00:00
----------------------------------------------------------

6/59 Testing: Matrix3Test.IdentityAndTransposeBehaveAsExpected
6/59 Test: Matrix3Test.IdentityAndTransposeBehaveAsExpected
Command: "/mnt/c/Users/allen/Downloads/archivedwl-490/League-Soccer/build-wsl-headless/tests/gameplayfootball_math_tests" "--gtest_filter=Matrix3Test.IdentityAndTransposeBehaveAsExpected" "--gtest_also_run_disabled_tests"
Directory: /mnt/c/Users/allen/Downloads/archivedwl-490/League-Soccer/build-wsl-headless/tests
"Matrix3Test.IdentityAndTransposeBehaveAsExpected" start time: Apr 02 19:55 EDT
Output:
----------------------------------------------------------
Running main() from /mnt/c/Users/allen/Downloads/archivedwl-490/League-Soccer/build-wsl-headless/_deps/googletest-src/googletest/src/gtest_main.cc
Note: Google Test filter = Matrix3Test.IdentityAndTransposeBehaveAsExpected
[==========] Running 1 test from 1 test suite.
[----------] Global test environment set-up.
[----------] 1 test from Matrix3Test
[ RUN      ] Matrix3Test.IdentityAndTransposeBehaveAsExpected
[       OK ] Matrix3Test.IdentityAndTransposeBehaveAsExpected (0 ms)
[----------] 1 test from Matrix3Test (0 ms total)

[----------] Global test environment tear-down
[==========] 1 test from 1 test suite ran. (0 ms total)
[  PASSED  ] 1 test.
<end of output>
Test time =   0.01 sec
----------------------------------------------------------
Test Passed.
"Matrix3Test.IdentityAndTransposeBehaveAsExpected" end time: Apr 02 19:55 EDT
"Matrix3Test.IdentityAndTransposeBehaveAsExpected" time elapsed: 00:00:00
----------------------------------------------------------

7/59 Testing: Matrix3Test.MultipliesMatricesAndVectors
7/59 Test: Matrix3Test.MultipliesMatricesAndVectors
Command: "/mnt/c/Users/allen/Downloads/archivedwl-490/League-Soccer/build-wsl-headless/tests/gameplayfootball_math_tests" "--gtest_filter=Matrix3Test.MultipliesMatricesAndVectors" "--gtest_also_run_disabled_tests"
Directory: /mnt/c/Users/allen/Downloads/archivedwl-490/League-Soccer/build-wsl-headless/tests
"Matrix3Test.MultipliesMatricesAndVectors" start time: Apr 02 19:55 EDT
Output:
----------------------------------------------------------
Running main() from /mnt/c/Users/allen/Downloads/archivedwl-490/League-Soccer/build-wsl-headless/_deps/googletest-src/googletest/src/gtest_main.cc
Note: Google Test filter = Matrix3Test.MultipliesMatricesAndVectors
[==========] Running 1 test from 1 test suite.
[----------] Global test environment set-up.
[----------] 1 test from Matrix3Test
[ RUN      ] Matrix3Test.MultipliesMatricesAndVectors
[       OK ] Matrix3Test.MultipliesMatricesAndVectors (0 ms)
[----------] 1 test from Matrix3Test (0 ms total)

[----------] Global test environment tear-down
[==========] 1 test from 1 test suite ran. (0 ms total)
[  PASSED  ] 1 test.
<end of output>
Test time =   0.01 sec
----------------------------------------------------------
Test Passed.
"Matrix3Test.MultipliesMatricesAndVectors" end time: Apr 02 19:55 EDT
"Matrix3Test.MultipliesMatricesAndVectors" time elapsed: 00:00:00
----------------------------------------------------------

8/59 Testing: QuaternionTest.AngleAxisRotationRotatesVectors
8/59 Test: QuaternionTest.AngleAxisRotationRotatesVectors
Command: "/mnt/c/Users/allen/Downloads/archivedwl-490/League-Soccer/build-wsl-headless/tests/gameplayfootball_math_tests" "--gtest_filter=QuaternionTest.AngleAxisRotationRotatesVectors" "--gtest_also_run_disabled_tests"
Directory: /mnt/c/Users/allen/Downloads/archivedwl-490/League-Soccer/build-wsl-headless/tests
"QuaternionTest.AngleAxisRotationRotatesVectors" start time: Apr 02 19:55 EDT
Output:
----------------------------------------------------------
Running main() from /mnt/c/Users/allen/Downloads/archivedwl-490/League-Soccer/build-wsl-headless/_deps/googletest-src/googletest/src/gtest_main.cc
Note: Google Test filter = QuaternionTest.AngleAxisRotationRotatesVectors
[==========] Running 1 test from 1 test suite.
[----------] Global test environment set-up.
[----------] 1 test from QuaternionTest
[ RUN      ] QuaternionTest.AngleAxisRotationRotatesVectors
[       OK ] QuaternionTest.AngleAxisRotationRotatesVectors (0 ms)
[----------] 1 test from QuaternionTest (0 ms total)

[----------] Global test environment tear-down
[==========] 1 test from 1 test suite ran. (0 ms total)
[  PASSED  ] 1 test.
<end of output>
Test time =   0.01 sec
----------------------------------------------------------
Test Passed.
"QuaternionTest.AngleAxisRotationRotatesVectors" end time: Apr 02 19:55 EDT
"QuaternionTest.AngleAxisRotationRotatesVectors" time elapsed: 00:00:00
----------------------------------------------------------

9/59 Testing: QuaternionTest.InverseAndMatrixRoundTripPreserveOrientation
9/59 Test: QuaternionTest.InverseAndMatrixRoundTripPreserveOrientation
Command: "/mnt/c/Users/allen/Downloads/archivedwl-490/League-Soccer/build-wsl-headless/tests/gameplayfootball_math_tests" "--gtest_filter=QuaternionTest.InverseAndMatrixRoundTripPreserveOrientation" "--gtest_also_run_disabled_tests"
Directory: /mnt/c/Users/allen/Downloads/archivedwl-490/League-Soccer/build-wsl-headless/tests
"QuaternionTest.InverseAndMatrixRoundTripPreserveOrientation" start time: Apr 02 19:55 EDT
Output:
----------------------------------------------------------
Running main() from /mnt/c/Users/allen/Downloads/archivedwl-490/League-Soccer/build-wsl-headless/_deps/googletest-src/googletest/src/gtest_main.cc
Note: Google Test filter = QuaternionTest.InverseAndMatrixRoundTripPreserveOrientation
[==========] Running 1 test from 1 test suite.
[----------] Global test environment set-up.
[----------] 1 test from QuaternionTest
[ RUN      ] QuaternionTest.InverseAndMatrixRoundTripPreserveOrientation
[       OK ] QuaternionTest.InverseAndMatrixRoundTripPreserveOrientation (0 ms)
[----------] 1 test from QuaternionTest (0 ms total)

[----------] Global test environment tear-down
[==========] 1 test from 1 test suite ran. (0 ms total)
[  PASSED  ] 1 test.
<end of output>
Test time =   0.01 sec
----------------------------------------------------------
Test Passed.
"QuaternionTest.InverseAndMatrixRoundTripPreserveOrientation" end time: Apr 02 19:55 EDT
"QuaternionTest.InverseAndMatrixRoundTripPreserveOrientation" time elapsed: 00:00:00
----------------------------------------------------------

10/59 Testing: BallPhysicsTest.GravityActsBeforeDrag
10/59 Test: BallPhysicsTest.GravityActsBeforeDrag
Command: "/mnt/c/Users/allen/Downloads/archivedwl-490/League-Soccer/build-wsl-headless/tests/gameplayfootball_math_tests" "--gtest_filter=BallPhysicsTest.GravityActsBeforeDrag" "--gtest_also_run_disabled_tests"
Directory: /mnt/c/Users/allen/Downloads/archivedwl-490/League-Soccer/build-wsl-headless/tests
"BallPhysicsTest.GravityActsBeforeDrag" start time: Apr 02 19:55 EDT
Output:
----------------------------------------------------------
Running main() from /mnt/c/Users/allen/Downloads/archivedwl-490/League-Soccer/build-wsl-headless/_deps/googletest-src/googletest/src/gtest_main.cc
Note: Google Test filter = BallPhysicsTest.GravityActsBeforeDrag
[==========] Running 1 test from 1 test suite.
[----------] Global test environment set-up.
[----------] 1 test from BallPhysicsTest
[ RUN      ] BallPhysicsTest.GravityActsBeforeDrag
[       OK ] BallPhysicsTest.GravityActsBeforeDrag (0 ms)
[----------] 1 test from BallPhysicsTest (0 ms total)

[----------] Global test environment tear-down
[==========] 1 test from 1 test suite ran. (0 ms total)
[  PASSED  ] 1 test.
<end of output>
Test time =   0.01 sec
----------------------------------------------------------
Test Passed.
"BallPhysicsTest.GravityActsBeforeDrag" end time: Apr 02 19:55 EDT
"BallPhysicsTest.GravityActsBeforeDrag" time elapsed: 00:00:00
----------------------------------------------------------

11/59 Testing: BallPhysicsTest.DragReducesAirborneSpeed
11/59 Test: BallPhysicsTest.DragReducesAirborneSpeed
Command: "/mnt/c/Users/allen/Downloads/archivedwl-490/League-Soccer/build-wsl-headless/tests/gameplayfootball_math_tests" "--gtest_filter=BallPhysicsTest.DragReducesAirborneSpeed" "--gtest_also_run_disabled_tests"
Directory: /mnt/c/Users/allen/Downloads/archivedwl-490/League-Soccer/build-wsl-headless/tests
"BallPhysicsTest.DragReducesAirborneSpeed" start time: Apr 02 19:55 EDT
Output:
----------------------------------------------------------
Running main() from /mnt/c/Users/allen/Downloads/archivedwl-490/League-Soccer/build-wsl-headless/_deps/googletest-src/googletest/src/gtest_main.cc
Note: Google Test filter = BallPhysicsTest.DragReducesAirborneSpeed
[==========] Running 1 test from 1 test suite.
[----------] Global test environment set-up.
[----------] 1 test from BallPhysicsTest
[ RUN      ] BallPhysicsTest.DragReducesAirborneSpeed
[       OK ] BallPhysicsTest.DragReducesAirborneSpeed (0 ms)
[----------] 1 test from BallPhysicsTest (0 ms total)

[----------] Global test environment tear-down
[==========] 1 test from 1 test suite ran. (0 ms total)
[  PASSED  ] 1 test.
<end of output>
Test time =   0.01 sec
----------------------------------------------------------
Test Passed.
"BallPhysicsTest.DragReducesAirborneSpeed" end time: Apr 02 19:55 EDT
"BallPhysicsTest.DragReducesAirborneSpeed" time elapsed: 00:00:00
----------------------------------------------------------

12/59 Testing: BallPhysicsTest.BounceClampsBallToGroundAndReturnsImpactStrength
12/59 Test: BallPhysicsTest.BounceClampsBallToGroundAndReturnsImpactStrength
Command: "/mnt/c/Users/allen/Downloads/archivedwl-490/League-Soccer/build-wsl-headless/tests/gameplayfootball_math_tests" "--gtest_filter=BallPhysicsTest.BounceClampsBallToGroundAndReturnsImpactStrength" "--gtest_also_run_disabled_tests"
Directory: /mnt/c/Users/allen/Downloads/archivedwl-490/League-Soccer/build-wsl-headless/tests
"BallPhysicsTest.BounceClampsBallToGroundAndReturnsImpactStrength" start time: Apr 02 19:55 EDT
Output:
----------------------------------------------------------
Running main() from /mnt/c/Users/allen/Downloads/archivedwl-490/League-Soccer/build-wsl-headless/_deps/googletest-src/googletest/src/gtest_main.cc
Note: Google Test filter = BallPhysicsTest.BounceClampsBallToGroundAndReturnsImpactStrength
[==========] Running 1 test from 1 test suite.
[----------] Global test environment set-up.
[----------] 1 test from BallPhysicsTest
[ RUN      ] BallPhysicsTest.BounceClampsBallToGroundAndReturnsImpactStrength
[       OK ] BallPhysicsTest.BounceClampsBallToGroundAndReturnsImpactStrength (0 ms)
[----------] 1 test from BallPhysicsTest (0 ms total)

[----------] Global test environment tear-down
[==========] 1 test from 1 test suite ran. (0 ms total)
[  PASSED  ] 1 test.
<end of output>
Test time =   0.01 sec
----------------------------------------------------------
Test Passed.
"BallPhysicsTest.BounceClampsBallToGroundAndReturnsImpactStrength" end time: Apr 02 19:55 EDT
"BallPhysicsTest.BounceClampsBallToGroundAndReturnsImpactStrength" time elapsed: 00:00:00
----------------------------------------------------------

13/59 Testing: BallPhysicsTest.GroundFrictionSlowsRollingBall
13/59 Test: BallPhysicsTest.GroundFrictionSlowsRollingBall
Command: "/mnt/c/Users/allen/Downloads/archivedwl-490/League-Soccer/build-wsl-headless/tests/gameplayfootball_math_tests" "--gtest_filter=BallPhysicsTest.GroundFrictionSlowsRollingBall" "--gtest_also_run_disabled_tests"
Directory: /mnt/c/Users/allen/Downloads/archivedwl-490/League-Soccer/build-wsl-headless/tests
"BallPhysicsTest.GroundFrictionSlowsRollingBall" start time: Apr 02 19:55 EDT
Output:
----------------------------------------------------------
Running main() from /mnt/c/Users/allen/Downloads/archivedwl-490/League-Soccer/build-wsl-headless/_deps/googletest-src/googletest/src/gtest_main.cc
Note: Google Test filter = BallPhysicsTest.GroundFrictionSlowsRollingBall
[==========] Running 1 test from 1 test suite.
[----------] Global test environment set-up.
[----------] 1 test from BallPhysicsTest
[ RUN      ] BallPhysicsTest.GroundFrictionSlowsRollingBall
[       OK ] BallPhysicsTest.GroundFrictionSlowsRollingBall (0 ms)
[----------] 1 test from BallPhysicsTest (0 ms total)

[----------] Global test environment tear-down
[==========] 1 test from 1 test suite ran. (0 ms total)
[  PASSED  ] 1 test.
<end of output>
Test time =   0.01 sec
----------------------------------------------------------
Test Passed.
"BallPhysicsTest.GroundFrictionSlowsRollingBall" end time: Apr 02 19:55 EDT
"BallPhysicsTest.GroundFrictionSlowsRollingBall" time elapsed: 00:00:00
----------------------------------------------------------

14/59 Testing: BallPhysicsTest.AirborneBallAvoidsGrassFriction
14/59 Test: BallPhysicsTest.AirborneBallAvoidsGrassFriction
Command: "/mnt/c/Users/allen/Downloads/archivedwl-490/League-Soccer/build-wsl-headless/tests/gameplayfootball_math_tests" "--gtest_filter=BallPhysicsTest.AirborneBallAvoidsGrassFriction" "--gtest_also_run_disabled_tests"
Directory: /mnt/c/Users/allen/Downloads/archivedwl-490/League-Soccer/build-wsl-headless/tests
"BallPhysicsTest.AirborneBallAvoidsGrassFriction" start time: Apr 02 19:55 EDT
Output:
----------------------------------------------------------
Running main() from /mnt/c/Users/allen/Downloads/archivedwl-490/League-Soccer/build-wsl-headless/_deps/googletest-src/googletest/src/gtest_main.cc
Note: Google Test filter = BallPhysicsTest.AirborneBallAvoidsGrassFriction
[==========] Running 1 test from 1 test suite.
[----------] Global test environment set-up.
[----------] 1 test from BallPhysicsTest
[ RUN      ] BallPhysicsTest.AirborneBallAvoidsGrassFriction
[       OK ] BallPhysicsTest.AirborneBallAvoidsGrassFriction (0 ms)
[----------] 1 test from BallPhysicsTest (0 ms total)

[----------] Global test environment tear-down
[==========] 1 test from 1 test suite ran. (0 ms total)
[  PASSED  ] 1 test.
<end of output>
Test time =   0.01 sec
----------------------------------------------------------
Test Passed.
"BallPhysicsTest.AirborneBallAvoidsGrassFriction" end time: Apr 02 19:55 EDT
"BallPhysicsTest.AirborneBallAvoidsGrassFriction" time elapsed: 00:00:00
----------------------------------------------------------

15/59 Testing: VelocityStateTest.RangeVelocity_IdleBeforeSwitch
15/59 Test: VelocityStateTest.RangeVelocity_IdleBeforeSwitch
Command: "/mnt/c/Users/allen/Downloads/archivedwl-490/League-Soccer/build-wsl-headless/tests/gameplayfootball_velocity_tests" "--gtest_filter=VelocityStateTest.RangeVelocity_IdleBeforeSwitch" "--gtest_also_run_disabled_tests"
Directory: /mnt/c/Users/allen/Downloads/archivedwl-490/League-Soccer/build-wsl-headless/tests
"VelocityStateTest.RangeVelocity_IdleBeforeSwitch" start time: Apr 02 19:55 EDT
Output:
----------------------------------------------------------
Running main() from /mnt/c/Users/allen/Downloads/archivedwl-490/League-Soccer/build-wsl-headless/_deps/googletest-src/googletest/src/gtest_main.cc
Note: Google Test filter = VelocityStateTest.RangeVelocity_IdleBeforeSwitch
[==========] Running 1 test from 1 test suite.
[----------] Global test environment set-up.
[----------] 1 test from VelocityStateTest
[ RUN      ] VelocityStateTest.RangeVelocity_IdleBeforeSwitch
[       OK ] VelocityStateTest.RangeVelocity_IdleBeforeSwitch (0 ms)
[----------] 1 test from VelocityStateTest (0 ms total)

[----------] Global test environment tear-down
[==========] 1 test from 1 test suite ran. (0 ms total)
[  PASSED  ] 1 test.
<end of output>
Test time =   0.01 sec
----------------------------------------------------------
Test Passed.
"VelocityStateTest.RangeVelocity_IdleBeforeSwitch" end time: Apr 02 19:55 EDT
"VelocityStateTest.RangeVelocity_IdleBeforeSwitch" time elapsed: 00:00:00
----------------------------------------------------------

16/59 Testing: VelocityStateTest.RangeVelocity_DribbleBand
16/59 Test: VelocityStateTest.RangeVelocity_DribbleBand
Command: "/mnt/c/Users/allen/Downloads/archivedwl-490/League-Soccer/build-wsl-headless/tests/gameplayfootball_velocity_tests" "--gtest_filter=VelocityStateTest.RangeVelocity_DribbleBand" "--gtest_also_run_disabled_tests"
Directory: /mnt/c/Users/allen/Downloads/archivedwl-490/League-Soccer/build-wsl-headless/tests
"VelocityStateTest.RangeVelocity_DribbleBand" start time: Apr 02 19:55 EDT
Output:
----------------------------------------------------------
Running main() from /mnt/c/Users/allen/Downloads/archivedwl-490/League-Soccer/build-wsl-headless/_deps/googletest-src/googletest/src/gtest_main.cc
Note: Google Test filter = VelocityStateTest.RangeVelocity_DribbleBand
[==========] Running 1 test from 1 test suite.
[----------] Global test environment set-up.
[----------] 1 test from VelocityStateTest
[ RUN      ] VelocityStateTest.RangeVelocity_DribbleBand
[       OK ] VelocityStateTest.RangeVelocity_DribbleBand (0 ms)
[----------] 1 test from VelocityStateTest (0 ms total)

[----------] Global test environment tear-down
[==========] 1 test from 1 test suite ran. (0 ms total)
[  PASSED  ] 1 test.
<end of output>
Test time =   0.01 sec
----------------------------------------------------------
Test Passed.
"VelocityStateTest.RangeVelocity_DribbleBand" end time: Apr 02 19:55 EDT
"VelocityStateTest.RangeVelocity_DribbleBand" time elapsed: 00:00:00
----------------------------------------------------------

17/59 Testing: VelocityStateTest.RangeVelocity_WalkBand
17/59 Test: VelocityStateTest.RangeVelocity_WalkBand
Command: "/mnt/c/Users/allen/Downloads/archivedwl-490/League-Soccer/build-wsl-headless/tests/gameplayfootball_velocity_tests" "--gtest_filter=VelocityStateTest.RangeVelocity_WalkBand" "--gtest_also_run_disabled_tests"
Directory: /mnt/c/Users/allen/Downloads/archivedwl-490/League-Soccer/build-wsl-headless/tests
"VelocityStateTest.RangeVelocity_WalkBand" start time: Apr 02 19:55 EDT
Output:
----------------------------------------------------------
Running main() from /mnt/c/Users/allen/Downloads/archivedwl-490/League-Soccer/build-wsl-headless/_deps/googletest-src/googletest/src/gtest_main.cc
Note: Google Test filter = VelocityStateTest.RangeVelocity_WalkBand
[==========] Running 1 test from 1 test suite.
[----------] Global test environment set-up.
[----------] 1 test from VelocityStateTest
[ RUN      ] VelocityStateTest.RangeVelocity_WalkBand
[       OK ] VelocityStateTest.RangeVelocity_WalkBand (0 ms)
[----------] 1 test from VelocityStateTest (0 ms total)

[----------] Global test environment tear-down
[==========] 1 test from 1 test suite ran. (0 ms total)
[  PASSED  ] 1 test.
<end of output>
Test time =   0.01 sec
----------------------------------------------------------
Test Passed.
"VelocityStateTest.RangeVelocity_WalkBand" end time: Apr 02 19:55 EDT
"VelocityStateTest.RangeVelocity_WalkBand" time elapsed: 00:00:00
----------------------------------------------------------

18/59 Testing: VelocityStateTest.RangeVelocity_SprintAboveSwitch
18/59 Test: VelocityStateTest.RangeVelocity_SprintAboveSwitch
Command: "/mnt/c/Users/allen/Downloads/archivedwl-490/League-Soccer/build-wsl-headless/tests/gameplayfootball_velocity_tests" "--gtest_filter=VelocityStateTest.RangeVelocity_SprintAboveSwitch" "--gtest_also_run_disabled_tests"
Directory: /mnt/c/Users/allen/Downloads/archivedwl-490/League-Soccer/build-wsl-headless/tests
"VelocityStateTest.RangeVelocity_SprintAboveSwitch" start time: Apr 02 19:55 EDT
Output:
----------------------------------------------------------
Running main() from /mnt/c/Users/allen/Downloads/archivedwl-490/League-Soccer/build-wsl-headless/_deps/googletest-src/googletest/src/gtest_main.cc
Note: Google Test filter = VelocityStateTest.RangeVelocity_SprintAboveSwitch
[==========] Running 1 test from 1 test suite.
[----------] Global test environment set-up.
[----------] 1 test from VelocityStateTest
[ RUN      ] VelocityStateTest.RangeVelocity_SprintAboveSwitch
[       OK ] VelocityStateTest.RangeVelocity_SprintAboveSwitch (0 ms)
[----------] 1 test from VelocityStateTest (0 ms total)

[----------] Global test environment tear-down
[==========] 1 test from 1 test suite ran. (0 ms total)
[  PASSED  ] 1 test.
<end of output>
Test time =   0.01 sec
----------------------------------------------------------
Test Passed.
"VelocityStateTest.RangeVelocity_SprintAboveSwitch" end time: Apr 02 19:55 EDT
"VelocityStateTest.RangeVelocity_SprintAboveSwitch" time elapsed: 00:00:00
----------------------------------------------------------

19/59 Testing: VelocityStateTest.ClampVelocity_NegativeBecomesZero
19/59 Test: VelocityStateTest.ClampVelocity_NegativeBecomesZero
Command: "/mnt/c/Users/allen/Downloads/archivedwl-490/League-Soccer/build-wsl-headless/tests/gameplayfootball_velocity_tests" "--gtest_filter=VelocityStateTest.ClampVelocity_NegativeBecomesZero" "--gtest_also_run_disabled_tests"
Directory: /mnt/c/Users/allen/Downloads/archivedwl-490/League-Soccer/build-wsl-headless/tests
"VelocityStateTest.ClampVelocity_NegativeBecomesZero" start time: Apr 02 19:55 EDT
Output:
----------------------------------------------------------
Running main() from /mnt/c/Users/allen/Downloads/archivedwl-490/League-Soccer/build-wsl-headless/_deps/googletest-src/googletest/src/gtest_main.cc
Note: Google Test filter = VelocityStateTest.ClampVelocity_NegativeBecomesZero
[==========] Running 1 test from 1 test suite.
[----------] Global test environment set-up.
[----------] 1 test from VelocityStateTest
[ RUN      ] VelocityStateTest.ClampVelocity_NegativeBecomesZero
[       OK ] VelocityStateTest.ClampVelocity_NegativeBecomesZero (0 ms)
[----------] 1 test from VelocityStateTest (0 ms total)

[----------] Global test environment tear-down
[==========] 1 test from 1 test suite ran. (0 ms total)
[  PASSED  ] 1 test.
<end of output>
Test time =   0.01 sec
----------------------------------------------------------
Test Passed.
"VelocityStateTest.ClampVelocity_NegativeBecomesZero" end time: Apr 02 19:55 EDT
"VelocityStateTest.ClampVelocity_NegativeBecomesZero" time elapsed: 00:00:00
----------------------------------------------------------

20/59 Testing: VelocityStateTest.ClampVelocity_InRangeUnchanged
20/59 Test: VelocityStateTest.ClampVelocity_InRangeUnchanged
Command: "/mnt/c/Users/allen/Downloads/archivedwl-490/League-Soccer/build-wsl-headless/tests/gameplayfootball_velocity_tests" "--gtest_filter=VelocityStateTest.ClampVelocity_InRangeUnchanged" "--gtest_also_run_disabled_tests"
Directory: /mnt/c/Users/allen/Downloads/archivedwl-490/League-Soccer/build-wsl-headless/tests
"VelocityStateTest.ClampVelocity_InRangeUnchanged" start time: Apr 02 19:55 EDT
Output:
----------------------------------------------------------
Running main() from /mnt/c/Users/allen/Downloads/archivedwl-490/League-Soccer/build-wsl-headless/_deps/googletest-src/googletest/src/gtest_main.cc
Note: Google Test filter = VelocityStateTest.ClampVelocity_InRangeUnchanged
[==========] Running 1 test from 1 test suite.
[----------] Global test environment set-up.
[----------] 1 test from VelocityStateTest
[ RUN      ] VelocityStateTest.ClampVelocity_InRangeUnchanged
[       OK ] VelocityStateTest.ClampVelocity_InRangeUnchanged (0 ms)
[----------] 1 test from VelocityStateTest (0 ms total)

[----------] Global test environment tear-down
[==========] 1 test from 1 test suite ran. (0 ms total)
[  PASSED  ] 1 test.
<end of output>
Test time =   0.01 sec
----------------------------------------------------------
Test Passed.
"VelocityStateTest.ClampVelocity_InRangeUnchanged" end time: Apr 02 19:55 EDT
"VelocityStateTest.ClampVelocity_InRangeUnchanged" time elapsed: 00:00:00
----------------------------------------------------------

21/59 Testing: VelocityStateTest.ClampVelocity_AboveMaxClamped
21/59 Test: VelocityStateTest.ClampVelocity_AboveMaxClamped
Command: "/mnt/c/Users/allen/Downloads/archivedwl-490/League-Soccer/build-wsl-headless/tests/gameplayfootball_velocity_tests" "--gtest_filter=VelocityStateTest.ClampVelocity_AboveMaxClamped" "--gtest_also_run_disabled_tests"
Directory: /mnt/c/Users/allen/Downloads/archivedwl-490/League-Soccer/build-wsl-headless/tests
"VelocityStateTest.ClampVelocity_AboveMaxClamped" start time: Apr 02 19:55 EDT
Output:
----------------------------------------------------------
Running main() from /mnt/c/Users/allen/Downloads/archivedwl-490/League-Soccer/build-wsl-headless/_deps/googletest-src/googletest/src/gtest_main.cc
Note: Google Test filter = VelocityStateTest.ClampVelocity_AboveMaxClamped
[==========] Running 1 test from 1 test suite.
[----------] Global test environment set-up.
[----------] 1 test from VelocityStateTest
[ RUN      ] VelocityStateTest.ClampVelocity_AboveMaxClamped
[       OK ] VelocityStateTest.ClampVelocity_AboveMaxClamped (0 ms)
[----------] 1 test from VelocityStateTest (0 ms total)

[----------] Global test environment tear-down
[==========] 1 test from 1 test suite ran. (0 ms total)
[  PASSED  ] 1 test.
<end of output>
Test time =   0.01 sec
----------------------------------------------------------
Test Passed.
"VelocityStateTest.ClampVelocity_AboveMaxClamped" end time: Apr 02 19:55 EDT
"VelocityStateTest.ClampVelocity_AboveMaxClamped" time elapsed: 00:00:00
----------------------------------------------------------

22/59 Testing: VelocityStateTest.FloorVelocity_ZeroRoundsUpToWalk
22/59 Test: VelocityStateTest.FloorVelocity_ZeroRoundsUpToWalk
Command: "/mnt/c/Users/allen/Downloads/archivedwl-490/League-Soccer/build-wsl-headless/tests/gameplayfootball_velocity_tests" "--gtest_filter=VelocityStateTest.FloorVelocity_ZeroRoundsUpToWalk" "--gtest_also_run_disabled_tests"
Directory: /mnt/c/Users/allen/Downloads/archivedwl-490/League-Soccer/build-wsl-headless/tests
"VelocityStateTest.FloorVelocity_ZeroRoundsUpToWalk" start time: Apr 02 19:55 EDT
Output:
----------------------------------------------------------
Running main() from /mnt/c/Users/allen/Downloads/archivedwl-490/League-Soccer/build-wsl-headless/_deps/googletest-src/googletest/src/gtest_main.cc
Note: Google Test filter = VelocityStateTest.FloorVelocity_ZeroRoundsUpToWalk
[==========] Running 1 test from 1 test suite.
[----------] Global test environment set-up.
[----------] 1 test from VelocityStateTest
[ RUN      ] VelocityStateTest.FloorVelocity_ZeroRoundsUpToWalk
[       OK ] VelocityStateTest.FloorVelocity_ZeroRoundsUpToWalk (0 ms)
[----------] 1 test from VelocityStateTest (0 ms total)

[----------] Global test environment tear-down
[==========] 1 test from 1 test suite ran. (0 ms total)
[  PASSED  ] 1 test.
<end of output>
Test time =   0.01 sec
----------------------------------------------------------
Test Passed.
"VelocityStateTest.FloorVelocity_ZeroRoundsUpToWalk" end time: Apr 02 19:55 EDT
"VelocityStateTest.FloorVelocity_ZeroRoundsUpToWalk" time elapsed: 00:00:00
----------------------------------------------------------

23/59 Testing: VelocityStateTest.FloorVelocity_SubDribbleRoundedUp
23/59 Test: VelocityStateTest.FloorVelocity_SubDribbleRoundedUp
Command: "/mnt/c/Users/allen/Downloads/archivedwl-490/League-Soccer/build-wsl-headless/tests/gameplayfootball_velocity_tests" "--gtest_filter=VelocityStateTest.FloorVelocity_SubDribbleRoundedUp" "--gtest_also_run_disabled_tests"
Directory: /mnt/c/Users/allen/Downloads/archivedwl-490/League-Soccer/build-wsl-headless/tests
"VelocityStateTest.FloorVelocity_SubDribbleRoundedUp" start time: Apr 02 19:55 EDT
Output:
----------------------------------------------------------
Running main() from /mnt/c/Users/allen/Downloads/archivedwl-490/League-Soccer/build-wsl-headless/_deps/googletest-src/googletest/src/gtest_main.cc
Note: Google Test filter = VelocityStateTest.FloorVelocity_SubDribbleRoundedUp
[==========] Running 1 test from 1 test suite.
[----------] Global test environment set-up.
[----------] 1 test from VelocityStateTest
[ RUN      ] VelocityStateTest.FloorVelocity_SubDribbleRoundedUp
[       OK ] VelocityStateTest.FloorVelocity_SubDribbleRoundedUp (0 ms)
[----------] 1 test from VelocityStateTest (0 ms total)

[----------] Global test environment tear-down
[==========] 1 test from 1 test suite ran. (0 ms total)
[  PASSED  ] 1 test.
<end of output>
Test time =   0.01 sec
----------------------------------------------------------
Test Passed.
"VelocityStateTest.FloorVelocity_SubDribbleRoundedUp" end time: Apr 02 19:55 EDT
"VelocityStateTest.FloorVelocity_SubDribbleRoundedUp" time elapsed: 00:00:00
----------------------------------------------------------

24/59 Testing: VelocityStateTest.FloorVelocity_DribbleToWalkRange
24/59 Test: VelocityStateTest.FloorVelocity_DribbleToWalkRange
Command: "/mnt/c/Users/allen/Downloads/archivedwl-490/League-Soccer/build-wsl-headless/tests/gameplayfootball_velocity_tests" "--gtest_filter=VelocityStateTest.FloorVelocity_DribbleToWalkRange" "--gtest_also_run_disabled_tests"
Directory: /mnt/c/Users/allen/Downloads/archivedwl-490/League-Soccer/build-wsl-headless/tests
"VelocityStateTest.FloorVelocity_DribbleToWalkRange" start time: Apr 02 19:55 EDT
Output:
----------------------------------------------------------
Running main() from /mnt/c/Users/allen/Downloads/archivedwl-490/League-Soccer/build-wsl-headless/_deps/googletest-src/googletest/src/gtest_main.cc
Note: Google Test filter = VelocityStateTest.FloorVelocity_DribbleToWalkRange
[==========] Running 1 test from 1 test suite.
[----------] Global test environment set-up.
[----------] 1 test from VelocityStateTest
[ RUN      ] VelocityStateTest.FloorVelocity_DribbleToWalkRange
[       OK ] VelocityStateTest.FloorVelocity_DribbleToWalkRange (0 ms)
[----------] 1 test from VelocityStateTest (0 ms total)

[----------] Global test environment tear-down
[==========] 1 test from 1 test suite ran. (0 ms total)
[  PASSED  ] 1 test.
<end of output>
Test time =   0.01 sec
----------------------------------------------------------
Test Passed.
"VelocityStateTest.FloorVelocity_DribbleToWalkRange" end time: Apr 02 19:55 EDT
"VelocityStateTest.FloorVelocity_DribbleToWalkRange" time elapsed: 00:00:00
----------------------------------------------------------

25/59 Testing: VelocityStateTest.FloorVelocity_AboveWalkIsSprint
25/59 Test: VelocityStateTest.FloorVelocity_AboveWalkIsSprint
Command: "/mnt/c/Users/allen/Downloads/archivedwl-490/League-Soccer/build-wsl-headless/tests/gameplayfootball_velocity_tests" "--gtest_filter=VelocityStateTest.FloorVelocity_AboveWalkIsSprint" "--gtest_also_run_disabled_tests"
Directory: /mnt/c/Users/allen/Downloads/archivedwl-490/League-Soccer/build-wsl-headless/tests
"VelocityStateTest.FloorVelocity_AboveWalkIsSprint" start time: Apr 02 19:55 EDT
Output:
----------------------------------------------------------
Running main() from /mnt/c/Users/allen/Downloads/archivedwl-490/League-Soccer/build-wsl-headless/_deps/googletest-src/googletest/src/gtest_main.cc
Note: Google Test filter = VelocityStateTest.FloorVelocity_AboveWalkIsSprint
[==========] Running 1 test from 1 test suite.
[----------] Global test environment set-up.
[----------] 1 test from VelocityStateTest
[ RUN      ] VelocityStateTest.FloorVelocity_AboveWalkIsSprint
[       OK ] VelocityStateTest.FloorVelocity_AboveWalkIsSprint (0 ms)
[----------] 1 test from VelocityStateTest (0 ms total)

[----------] Global test environment tear-down
[==========] 1 test from 1 test suite ran. (0 ms total)
[  PASSED  ] 1 test.
<end of output>
Test time =   0.01 sec
----------------------------------------------------------
Test Passed.
"VelocityStateTest.FloorVelocity_AboveWalkIsSprint" end time: Apr 02 19:55 EDT
"VelocityStateTest.FloorVelocity_AboveWalkIsSprint" time elapsed: 00:00:00
----------------------------------------------------------

26/59 Testing: VelocityStateTest.EnumToFloat_AllValues
26/59 Test: VelocityStateTest.EnumToFloat_AllValues
Command: "/mnt/c/Users/allen/Downloads/archivedwl-490/League-Soccer/build-wsl-headless/tests/gameplayfootball_velocity_tests" "--gtest_filter=VelocityStateTest.EnumToFloat_AllValues" "--gtest_also_run_disabled_tests"
Directory: /mnt/c/Users/allen/Downloads/archivedwl-490/League-Soccer/build-wsl-headless/tests
"VelocityStateTest.EnumToFloat_AllValues" start time: Apr 02 19:55 EDT
Output:
----------------------------------------------------------
Running main() from /mnt/c/Users/allen/Downloads/archivedwl-490/League-Soccer/build-wsl-headless/_deps/googletest-src/googletest/src/gtest_main.cc
Note: Google Test filter = VelocityStateTest.EnumToFloat_AllValues
[==========] Running 1 test from 1 test suite.
[----------] Global test environment set-up.
[----------] 1 test from VelocityStateTest
[ RUN      ] VelocityStateTest.EnumToFloat_AllValues
[       OK ] VelocityStateTest.EnumToFloat_AllValues (0 ms)
[----------] 1 test from VelocityStateTest (0 ms total)

[----------] Global test environment tear-down
[==========] 1 test from 1 test suite ran. (0 ms total)
[  PASSED  ] 1 test.
<end of output>
Test time =   0.01 sec
----------------------------------------------------------
Test Passed.
"VelocityStateTest.EnumToFloat_AllValues" end time: Apr 02 19:55 EDT
"VelocityStateTest.EnumToFloat_AllValues" time elapsed: 00:00:00
----------------------------------------------------------

27/59 Testing: VelocityStateTest.FloatToEnum_IdleBand
27/59 Test: VelocityStateTest.FloatToEnum_IdleBand
Command: "/mnt/c/Users/allen/Downloads/archivedwl-490/League-Soccer/build-wsl-headless/tests/gameplayfootball_velocity_tests" "--gtest_filter=VelocityStateTest.FloatToEnum_IdleBand" "--gtest_also_run_disabled_tests"
Directory: /mnt/c/Users/allen/Downloads/archivedwl-490/League-Soccer/build-wsl-headless/tests
"VelocityStateTest.FloatToEnum_IdleBand" start time: Apr 02 19:55 EDT
Output:
----------------------------------------------------------
Running main() from /mnt/c/Users/allen/Downloads/archivedwl-490/League-Soccer/build-wsl-headless/_deps/googletest-src/googletest/src/gtest_main.cc
Note: Google Test filter = VelocityStateTest.FloatToEnum_IdleBand
[==========] Running 1 test from 1 test suite.
[----------] Global test environment set-up.
[----------] 1 test from VelocityStateTest
[ RUN      ] VelocityStateTest.FloatToEnum_IdleBand
[       OK ] VelocityStateTest.FloatToEnum_IdleBand (0 ms)
[----------] 1 test from VelocityStateTest (0 ms total)

[----------] Global test environment tear-down
[==========] 1 test from 1 test suite ran. (0 ms total)
[  PASSED  ] 1 test.
<end of output>
Test time =   0.01 sec
----------------------------------------------------------
Test Passed.
"VelocityStateTest.FloatToEnum_IdleBand" end time: Apr 02 19:55 EDT
"VelocityStateTest.FloatToEnum_IdleBand" time elapsed: 00:00:00
----------------------------------------------------------

28/59 Testing: VelocityStateTest.FloatToEnum_DribbleBand
28/59 Test: VelocityStateTest.FloatToEnum_DribbleBand
Command: "/mnt/c/Users/allen/Downloads/archivedwl-490/League-Soccer/build-wsl-headless/tests/gameplayfootball_velocity_tests" "--gtest_filter=VelocityStateTest.FloatToEnum_DribbleBand" "--gtest_also_run_disabled_tests"
Directory: /mnt/c/Users/allen/Downloads/archivedwl-490/League-Soccer/build-wsl-headless/tests
"VelocityStateTest.FloatToEnum_DribbleBand" start time: Apr 02 19:55 EDT
Output:
----------------------------------------------------------
Running main() from /mnt/c/Users/allen/Downloads/archivedwl-490/League-Soccer/build-wsl-headless/_deps/googletest-src/googletest/src/gtest_main.cc
Note: Google Test filter = VelocityStateTest.FloatToEnum_DribbleBand
[==========] Running 1 test from 1 test suite.
[----------] Global test environment set-up.
[----------] 1 test from VelocityStateTest
[ RUN      ] VelocityStateTest.FloatToEnum_DribbleBand
[       OK ] VelocityStateTest.FloatToEnum_DribbleBand (0 ms)
[----------] 1 test from VelocityStateTest (0 ms total)

[----------] Global test environment tear-down
[==========] 1 test from 1 test suite ran. (0 ms total)
[  PASSED  ] 1 test.
<end of output>
Test time =   0.01 sec
----------------------------------------------------------
Test Passed.
"VelocityStateTest.FloatToEnum_DribbleBand" end time: Apr 02 19:55 EDT
"VelocityStateTest.FloatToEnum_DribbleBand" time elapsed: 00:00:00
----------------------------------------------------------

29/59 Testing: VelocityStateTest.FloatToEnum_WalkBand
29/59 Test: VelocityStateTest.FloatToEnum_WalkBand
Command: "/mnt/c/Users/allen/Downloads/archivedwl-490/League-Soccer/build-wsl-headless/tests/gameplayfootball_velocity_tests" "--gtest_filter=VelocityStateTest.FloatToEnum_WalkBand" "--gtest_also_run_disabled_tests"
Directory: /mnt/c/Users/allen/Downloads/archivedwl-490/League-Soccer/build-wsl-headless/tests
"VelocityStateTest.FloatToEnum_WalkBand" start time: Apr 02 19:55 EDT
Output:
----------------------------------------------------------
Running main() from /mnt/c/Users/allen/Downloads/archivedwl-490/League-Soccer/build-wsl-headless/_deps/googletest-src/googletest/src/gtest_main.cc
Note: Google Test filter = VelocityStateTest.FloatToEnum_WalkBand
[==========] Running 1 test from 1 test suite.
[----------] Global test environment set-up.
[----------] 1 test from VelocityStateTest
[ RUN      ] VelocityStateTest.FloatToEnum_WalkBand
[       OK ] VelocityStateTest.FloatToEnum_WalkBand (0 ms)
[----------] 1 test from VelocityStateTest (0 ms total)

[----------] Global test environment tear-down
[==========] 1 test from 1 test suite ran. (0 ms total)
[  PASSED  ] 1 test.
<end of output>
Test time =   0.01 sec
----------------------------------------------------------
Test Passed.
"VelocityStateTest.FloatToEnum_WalkBand" end time: Apr 02 19:55 EDT
"VelocityStateTest.FloatToEnum_WalkBand" time elapsed: 00:00:00
----------------------------------------------------------

30/59 Testing: VelocityStateTest.FloatToEnum_SprintBand
30/59 Test: VelocityStateTest.FloatToEnum_SprintBand
Command: "/mnt/c/Users/allen/Downloads/archivedwl-490/League-Soccer/build-wsl-headless/tests/gameplayfootball_velocity_tests" "--gtest_filter=VelocityStateTest.FloatToEnum_SprintBand" "--gtest_also_run_disabled_tests"
Directory: /mnt/c/Users/allen/Downloads/archivedwl-490/League-Soccer/build-wsl-headless/tests
"VelocityStateTest.FloatToEnum_SprintBand" start time: Apr 02 19:55 EDT
Output:
----------------------------------------------------------
Running main() from /mnt/c/Users/allen/Downloads/archivedwl-490/League-Soccer/build-wsl-headless/_deps/googletest-src/googletest/src/gtest_main.cc
Note: Google Test filter = VelocityStateTest.FloatToEnum_SprintBand
[==========] Running 1 test from 1 test suite.
[----------] Global test environment set-up.
[----------] 1 test from VelocityStateTest
[ RUN      ] VelocityStateTest.FloatToEnum_SprintBand
[       OK ] VelocityStateTest.FloatToEnum_SprintBand (0 ms)
[----------] 1 test from VelocityStateTest (0 ms total)

[----------] Global test environment tear-down
[==========] 1 test from 1 test suite ran. (0 ms total)
[  PASSED  ] 1 test.
<end of output>
Test time =   0.01 sec
----------------------------------------------------------
Test Passed.
"VelocityStateTest.FloatToEnum_SprintBand" end time: Apr 02 19:55 EDT
"VelocityStateTest.FloatToEnum_SprintBand" time elapsed: 00:00:00
----------------------------------------------------------

31/59 Testing: VelocityStateTest.RoundTrip_EnumFloatEnum
31/59 Test: VelocityStateTest.RoundTrip_EnumFloatEnum
Command: "/mnt/c/Users/allen/Downloads/archivedwl-490/League-Soccer/build-wsl-headless/tests/gameplayfootball_velocity_tests" "--gtest_filter=VelocityStateTest.RoundTrip_EnumFloatEnum" "--gtest_also_run_disabled_tests"
Directory: /mnt/c/Users/allen/Downloads/archivedwl-490/League-Soccer/build-wsl-headless/tests
"VelocityStateTest.RoundTrip_EnumFloatEnum" start time: Apr 02 19:55 EDT
Output:
----------------------------------------------------------
Running main() from /mnt/c/Users/allen/Downloads/archivedwl-490/League-Soccer/build-wsl-headless/_deps/googletest-src/googletest/src/gtest_main.cc
Note: Google Test filter = VelocityStateTest.RoundTrip_EnumFloatEnum
[==========] Running 1 test from 1 test suite.
[----------] Global test environment set-up.
[----------] 1 test from VelocityStateTest
[ RUN      ] VelocityStateTest.RoundTrip_EnumFloatEnum
[       OK ] VelocityStateTest.RoundTrip_EnumFloatEnum (0 ms)
[----------] 1 test from VelocityStateTest (0 ms total)

[----------] Global test environment tear-down
[==========] 1 test from 1 test suite ran. (0 ms total)
[  PASSED  ] 1 test.
<end of output>
Test time =   0.01 sec
----------------------------------------------------------
Test Passed.
"VelocityStateTest.RoundTrip_EnumFloatEnum" end time: Apr 02 19:55 EDT
"VelocityStateTest.RoundTrip_EnumFloatEnum" time elapsed: 00:00:00
----------------------------------------------------------

32/59 Testing: VelocityStateTest.Boundaries_AtSwitchPoints
32/59 Test: VelocityStateTest.Boundaries_AtSwitchPoints
Command: "/mnt/c/Users/allen/Downloads/archivedwl-490/League-Soccer/build-wsl-headless/tests/gameplayfootball_velocity_tests" "--gtest_filter=VelocityStateTest.Boundaries_AtSwitchPoints" "--gtest_also_run_disabled_tests"
Directory: /mnt/c/Users/allen/Downloads/archivedwl-490/League-Soccer/build-wsl-headless/tests
"VelocityStateTest.Boundaries_AtSwitchPoints" start time: Apr 02 19:55 EDT
Output:
----------------------------------------------------------
Running main() from /mnt/c/Users/allen/Downloads/archivedwl-490/League-Soccer/build-wsl-headless/_deps/googletest-src/googletest/src/gtest_main.cc
Note: Google Test filter = VelocityStateTest.Boundaries_AtSwitchPoints
[==========] Running 1 test from 1 test suite.
[----------] Global test environment set-up.
[----------] 1 test from VelocityStateTest
[ RUN      ] VelocityStateTest.Boundaries_AtSwitchPoints
[       OK ] VelocityStateTest.Boundaries_AtSwitchPoints (0 ms)
[----------] 1 test from VelocityStateTest (0 ms total)

[----------] Global test environment tear-down
[==========] 1 test from 1 test suite ran. (0 ms total)
[  PASSED  ] 1 test.
<end of output>
Test time =   0.01 sec
----------------------------------------------------------
Test Passed.
"VelocityStateTest.Boundaries_AtSwitchPoints" end time: Apr 02 19:55 EDT
"VelocityStateTest.Boundaries_AtSwitchPoints" time elapsed: 00:00:00
----------------------------------------------------------

33/59 Testing: MatchIntegrationTest.StartsInPreMatch
33/59 Test: MatchIntegrationTest.StartsInPreMatch
Command: "/mnt/c/Users/allen/Downloads/archivedwl-490/League-Soccer/build-wsl-headless/tests/gameplayfootball_integration_tests" "--gtest_filter=MatchIntegrationTest.StartsInPreMatch" "--gtest_also_run_disabled_tests"
Directory: /mnt/c/Users/allen/Downloads/archivedwl-490/League-Soccer/build-wsl-headless/tests
"MatchIntegrationTest.StartsInPreMatch" start time: Apr 02 19:55 EDT
Output:
----------------------------------------------------------
Running main() from /mnt/c/Users/allen/Downloads/archivedwl-490/League-Soccer/build-wsl-headless/_deps/googletest-src/googletest/src/gtest_main.cc
Note: Google Test filter = MatchIntegrationTest.StartsInPreMatch
[==========] Running 1 test from 1 test suite.
[----------] Global test environment set-up.
[----------] 1 test from MatchIntegrationTest
[ RUN      ] MatchIntegrationTest.StartsInPreMatch
[       OK ] MatchIntegrationTest.StartsInPreMatch (0 ms)
[----------] 1 test from MatchIntegrationTest (0 ms total)

[----------] Global test environment tear-down
[==========] 1 test from 1 test suite ran. (0 ms total)
[  PASSED  ] 1 test.
<end of output>
Test time =   0.01 sec
----------------------------------------------------------
Test Passed.
"MatchIntegrationTest.StartsInPreMatch" end time: Apr 02 19:55 EDT
"MatchIntegrationTest.StartsInPreMatch" time elapsed: 00:00:00
----------------------------------------------------------

34/59 Testing: MatchIntegrationTest.TransitionsToHalfTimeAfter45Minutes
34/59 Test: MatchIntegrationTest.TransitionsToHalfTimeAfter45Minutes
Command: "/mnt/c/Users/allen/Downloads/archivedwl-490/League-Soccer/build-wsl-headless/tests/gameplayfootball_integration_tests" "--gtest_filter=MatchIntegrationTest.TransitionsToHalfTimeAfter45Minutes" "--gtest_also_run_disabled_tests"
Directory: /mnt/c/Users/allen/Downloads/archivedwl-490/League-Soccer/build-wsl-headless/tests
"MatchIntegrationTest.TransitionsToHalfTimeAfter45Minutes" start time: Apr 02 19:55 EDT
Output:
----------------------------------------------------------
Running main() from /mnt/c/Users/allen/Downloads/archivedwl-490/League-Soccer/build-wsl-headless/_deps/googletest-src/googletest/src/gtest_main.cc
Note: Google Test filter = MatchIntegrationTest.TransitionsToHalfTimeAfter45Minutes
[==========] Running 1 test from 1 test suite.
[----------] Global test environment set-up.
[----------] 1 test from MatchIntegrationTest
[ RUN      ] MatchIntegrationTest.TransitionsToHalfTimeAfter45Minutes
[       OK ] MatchIntegrationTest.TransitionsToHalfTimeAfter45Minutes (0 ms)
[----------] 1 test from MatchIntegrationTest (0 ms total)

[----------] Global test environment tear-down
[==========] 1 test from 1 test suite ran. (0 ms total)
[  PASSED  ] 1 test.
<end of output>
Test time =   0.01 sec
----------------------------------------------------------
Test Passed.
"MatchIntegrationTest.TransitionsToHalfTimeAfter45Minutes" end time: Apr 02 19:55 EDT
"MatchIntegrationTest.TransitionsToHalfTimeAfter45Minutes" time elapsed: 00:00:00
----------------------------------------------------------

35/59 Testing: MatchIntegrationTest.TransitionsToFullTimeAfter90Minutes
35/59 Test: MatchIntegrationTest.TransitionsToFullTimeAfter90Minutes
Command: "/mnt/c/Users/allen/Downloads/archivedwl-490/League-Soccer/build-wsl-headless/tests/gameplayfootball_integration_tests" "--gtest_filter=MatchIntegrationTest.TransitionsToFullTimeAfter90Minutes" "--gtest_also_run_disabled_tests"
Directory: /mnt/c/Users/allen/Downloads/archivedwl-490/League-Soccer/build-wsl-headless/tests
"MatchIntegrationTest.TransitionsToFullTimeAfter90Minutes" start time: Apr 02 19:55 EDT
Output:
----------------------------------------------------------
Running main() from /mnt/c/Users/allen/Downloads/archivedwl-490/League-Soccer/build-wsl-headless/_deps/googletest-src/googletest/src/gtest_main.cc
Note: Google Test filter = MatchIntegrationTest.TransitionsToFullTimeAfter90Minutes
[==========] Running 1 test from 1 test suite.
[----------] Global test environment set-up.
[----------] 1 test from MatchIntegrationTest
[ RUN      ] MatchIntegrationTest.TransitionsToFullTimeAfter90Minutes
[       OK ] MatchIntegrationTest.TransitionsToFullTimeAfter90Minutes (0 ms)
[----------] 1 test from MatchIntegrationTest (0 ms total)

[----------] Global test environment tear-down
[==========] 1 test from 1 test suite ran. (0 ms total)
[  PASSED  ] 1 test.
<end of output>
Test time =   0.01 sec
----------------------------------------------------------
Test Passed.
"MatchIntegrationTest.TransitionsToFullTimeAfter90Minutes" end time: Apr 02 19:55 EDT
"MatchIntegrationTest.TransitionsToFullTimeAfter90Minutes" time elapsed: 00:00:00
----------------------------------------------------------

36/59 Testing: MatchIntegrationTest.TotalElapsedTimeIs90MinutesAtFullTime
36/59 Test: MatchIntegrationTest.TotalElapsedTimeIs90MinutesAtFullTime
Command: "/mnt/c/Users/allen/Downloads/archivedwl-490/League-Soccer/build-wsl-headless/tests/gameplayfootball_integration_tests" "--gtest_filter=MatchIntegrationTest.TotalElapsedTimeIs90MinutesAtFullTime" "--gtest_also_run_disabled_tests"
Directory: /mnt/c/Users/allen/Downloads/archivedwl-490/League-Soccer/build-wsl-headless/tests
"MatchIntegrationTest.TotalElapsedTimeIs90MinutesAtFullTime" start time: Apr 02 19:55 EDT
Output:
----------------------------------------------------------
Running main() from /mnt/c/Users/allen/Downloads/archivedwl-490/League-Soccer/build-wsl-headless/_deps/googletest-src/googletest/src/gtest_main.cc
Note: Google Test filter = MatchIntegrationTest.TotalElapsedTimeIs90MinutesAtFullTime
[==========] Running 1 test from 1 test suite.
[----------] Global test environment set-up.
[----------] 1 test from MatchIntegrationTest
[ RUN      ] MatchIntegrationTest.TotalElapsedTimeIs90MinutesAtFullTime
[       OK ] MatchIntegrationTest.TotalElapsedTimeIs90MinutesAtFullTime (0 ms)
[----------] 1 test from MatchIntegrationTest (0 ms total)

[----------] Global test environment tear-down
[==========] 1 test from 1 test suite ran. (0 ms total)
[  PASSED  ] 1 test.
<end of output>
Test time =   0.01 sec
----------------------------------------------------------
Test Passed.
"MatchIntegrationTest.TotalElapsedTimeIs90MinutesAtFullTime" end time: Apr 02 19:55 EDT
"MatchIntegrationTest.TotalElapsedTimeIs90MinutesAtFullTime" time elapsed: 00:00:00
----------------------------------------------------------

37/59 Testing: MatchIntegrationTest.InitialScoreIsZeroZero
37/59 Test: MatchIntegrationTest.InitialScoreIsZeroZero
Command: "/mnt/c/Users/allen/Downloads/archivedwl-490/League-Soccer/build-wsl-headless/tests/gameplayfootball_integration_tests" "--gtest_filter=MatchIntegrationTest.InitialScoreIsZeroZero" "--gtest_also_run_disabled_tests"
Directory: /mnt/c/Users/allen/Downloads/archivedwl-490/League-Soccer/build-wsl-headless/tests
"MatchIntegrationTest.InitialScoreIsZeroZero" start time: Apr 02 19:55 EDT
Output:
----------------------------------------------------------
Running main() from /mnt/c/Users/allen/Downloads/archivedwl-490/League-Soccer/build-wsl-headless/_deps/googletest-src/googletest/src/gtest_main.cc
Note: Google Test filter = MatchIntegrationTest.InitialScoreIsZeroZero
[==========] Running 1 test from 1 test suite.
[----------] Global test environment set-up.
[----------] 1 test from MatchIntegrationTest
[ RUN      ] MatchIntegrationTest.InitialScoreIsZeroZero
[       OK ] MatchIntegrationTest.InitialScoreIsZeroZero (0 ms)
[----------] 1 test from MatchIntegrationTest (0 ms total)

[----------] Global test environment tear-down
[==========] 1 test from 1 test suite ran. (0 ms total)
[  PASSED  ] 1 test.
<end of output>
Test time =   0.01 sec
----------------------------------------------------------
Test Passed.
"MatchIntegrationTest.InitialScoreIsZeroZero" end time: Apr 02 19:55 EDT
"MatchIntegrationTest.InitialScoreIsZeroZero" time elapsed: 00:00:00
----------------------------------------------------------

38/59 Testing: MatchIntegrationTest.GoalsScoredDuringMatchAreRecorded
38/59 Test: MatchIntegrationTest.GoalsScoredDuringMatchAreRecorded
Command: "/mnt/c/Users/allen/Downloads/archivedwl-490/League-Soccer/build-wsl-headless/tests/gameplayfootball_integration_tests" "--gtest_filter=MatchIntegrationTest.GoalsScoredDuringMatchAreRecorded" "--gtest_also_run_disabled_tests"
Directory: /mnt/c/Users/allen/Downloads/archivedwl-490/League-Soccer/build-wsl-headless/tests
"MatchIntegrationTest.GoalsScoredDuringMatchAreRecorded" start time: Apr 02 19:55 EDT
Output:
----------------------------------------------------------
Running main() from /mnt/c/Users/allen/Downloads/archivedwl-490/League-Soccer/build-wsl-headless/_deps/googletest-src/googletest/src/gtest_main.cc
Note: Google Test filter = MatchIntegrationTest.GoalsScoredDuringMatchAreRecorded
[==========] Running 1 test from 1 test suite.
[----------] Global test environment set-up.
[----------] 1 test from MatchIntegrationTest
[ RUN      ] MatchIntegrationTest.GoalsScoredDuringMatchAreRecorded
[       OK ] MatchIntegrationTest.GoalsScoredDuringMatchAreRecorded (0 ms)
[----------] 1 test from MatchIntegrationTest (0 ms total)

[----------] Global test environment tear-down
[==========] 1 test from 1 test suite ran. (0 ms total)
[  PASSED  ] 1 test.
<end of output>
Test time =   0.01 sec
----------------------------------------------------------
Test Passed.
"MatchIntegrationTest.GoalsScoredDuringMatchAreRecorded" end time: Apr 02 19:55 EDT
"MatchIntegrationTest.GoalsScoredDuringMatchAreRecorded" time elapsed: 00:00:00
----------------------------------------------------------

39/59 Testing: MatchIntegrationTest.MultipleGoalsAccumulate
39/59 Test: MatchIntegrationTest.MultipleGoalsAccumulate
Command: "/mnt/c/Users/allen/Downloads/archivedwl-490/League-Soccer/build-wsl-headless/tests/gameplayfootball_integration_tests" "--gtest_filter=MatchIntegrationTest.MultipleGoalsAccumulate" "--gtest_also_run_disabled_tests"
Directory: /mnt/c/Users/allen/Downloads/archivedwl-490/League-Soccer/build-wsl-headless/tests
"MatchIntegrationTest.MultipleGoalsAccumulate" start time: Apr 02 19:55 EDT
Output:
----------------------------------------------------------
Running main() from /mnt/c/Users/allen/Downloads/archivedwl-490/League-Soccer/build-wsl-headless/_deps/googletest-src/googletest/src/gtest_main.cc
Note: Google Test filter = MatchIntegrationTest.MultipleGoalsAccumulate
[==========] Running 1 test from 1 test suite.
[----------] Global test environment set-up.
[----------] 1 test from MatchIntegrationTest
[ RUN      ] MatchIntegrationTest.MultipleGoalsAccumulate
[       OK ] MatchIntegrationTest.MultipleGoalsAccumulate (0 ms)
[----------] 1 test from MatchIntegrationTest (0 ms total)

[----------] Global test environment tear-down
[==========] 1 test from 1 test suite ran. (0 ms total)
[  PASSED  ] 1 test.
<end of output>
Test time =   0.01 sec
----------------------------------------------------------
Test Passed.
"MatchIntegrationTest.MultipleGoalsAccumulate" end time: Apr 02 19:55 EDT
"MatchIntegrationTest.MultipleGoalsAccumulate" time elapsed: 00:00:00
----------------------------------------------------------

40/59 Testing: MatchIntegrationTest.TickDoesNothingInPreMatch
40/59 Test: MatchIntegrationTest.TickDoesNothingInPreMatch
Command: "/mnt/c/Users/allen/Downloads/archivedwl-490/League-Soccer/build-wsl-headless/tests/gameplayfootball_integration_tests" "--gtest_filter=MatchIntegrationTest.TickDoesNothingInPreMatch" "--gtest_also_run_disabled_tests"
Directory: /mnt/c/Users/allen/Downloads/archivedwl-490/League-Soccer/build-wsl-headless/tests
"MatchIntegrationTest.TickDoesNothingInPreMatch" start time: Apr 02 19:55 EDT
Output:
----------------------------------------------------------
Running main() from /mnt/c/Users/allen/Downloads/archivedwl-490/League-Soccer/build-wsl-headless/_deps/googletest-src/googletest/src/gtest_main.cc
Note: Google Test filter = MatchIntegrationTest.TickDoesNothingInPreMatch
[==========] Running 1 test from 1 test suite.
[----------] Global test environment set-up.
[----------] 1 test from MatchIntegrationTest
[ RUN      ] MatchIntegrationTest.TickDoesNothingInPreMatch
[       OK ] MatchIntegrationTest.TickDoesNothingInPreMatch (0 ms)
[----------] 1 test from MatchIntegrationTest (0 ms total)

[----------] Global test environment tear-down
[==========] 1 test from 1 test suite ran. (0 ms total)
[  PASSED  ] 1 test.
<end of output>
Test time =   0.01 sec
----------------------------------------------------------
Test Passed.
"MatchIntegrationTest.TickDoesNothingInPreMatch" end time: Apr 02 19:55 EDT
"MatchIntegrationTest.TickDoesNothingInPreMatch" time elapsed: 00:00:00
----------------------------------------------------------

41/59 Testing: MatchIntegrationTest.TickDoesNothingAtHalfTime
41/59 Test: MatchIntegrationTest.TickDoesNothingAtHalfTime
Command: "/mnt/c/Users/allen/Downloads/archivedwl-490/League-Soccer/build-wsl-headless/tests/gameplayfootball_integration_tests" "--gtest_filter=MatchIntegrationTest.TickDoesNothingAtHalfTime" "--gtest_also_run_disabled_tests"
Directory: /mnt/c/Users/allen/Downloads/archivedwl-490/League-Soccer/build-wsl-headless/tests
"MatchIntegrationTest.TickDoesNothingAtHalfTime" start time: Apr 02 19:55 EDT
Output:
----------------------------------------------------------
Running main() from /mnt/c/Users/allen/Downloads/archivedwl-490/League-Soccer/build-wsl-headless/_deps/googletest-src/googletest/src/gtest_main.cc
Note: Google Test filter = MatchIntegrationTest.TickDoesNothingAtHalfTime
[==========] Running 1 test from 1 test suite.
[----------] Global test environment set-up.
[----------] 1 test from MatchIntegrationTest
[ RUN      ] MatchIntegrationTest.TickDoesNothingAtHalfTime
[       OK ] MatchIntegrationTest.TickDoesNothingAtHalfTime (0 ms)
[----------] 1 test from MatchIntegrationTest (0 ms total)

[----------] Global test environment tear-down
[==========] 1 test from 1 test suite ran. (0 ms total)
[  PASSED  ] 1 test.
<end of output>
Test time =   0.01 sec
----------------------------------------------------------
Test Passed.
"MatchIntegrationTest.TickDoesNothingAtHalfTime" end time: Apr 02 19:55 EDT
"MatchIntegrationTest.TickDoesNothingAtHalfTime" time elapsed: 00:00:00
----------------------------------------------------------

42/59 Testing: MatchIntegrationTest.FullMatchSimulationSingleTick
42/59 Test: MatchIntegrationTest.FullMatchSimulationSingleTick
Command: "/mnt/c/Users/allen/Downloads/archivedwl-490/League-Soccer/build-wsl-headless/tests/gameplayfootball_integration_tests" "--gtest_filter=MatchIntegrationTest.FullMatchSimulationSingleTick" "--gtest_also_run_disabled_tests"
Directory: /mnt/c/Users/allen/Downloads/archivedwl-490/League-Soccer/build-wsl-headless/tests
"MatchIntegrationTest.FullMatchSimulationSingleTick" start time: Apr 02 19:55 EDT
Output:
----------------------------------------------------------
Running main() from /mnt/c/Users/allen/Downloads/archivedwl-490/League-Soccer/build-wsl-headless/_deps/googletest-src/googletest/src/gtest_main.cc
Note: Google Test filter = MatchIntegrationTest.FullMatchSimulationSingleTick
[==========] Running 1 test from 1 test suite.
[----------] Global test environment set-up.
[----------] 1 test from MatchIntegrationTest
[ RUN      ] MatchIntegrationTest.FullMatchSimulationSingleTick
[       OK ] MatchIntegrationTest.FullMatchSimulationSingleTick (0 ms)
[----------] 1 test from MatchIntegrationTest (0 ms total)

[----------] Global test environment tear-down
[==========] 1 test from 1 test suite ran. (0 ms total)
[  PASSED  ] 1 test.
<end of output>
Test time =   0.01 sec
----------------------------------------------------------
Test Passed.
"MatchIntegrationTest.FullMatchSimulationSingleTick" end time: Apr 02 19:55 EDT
"MatchIntegrationTest.FullMatchSimulationSingleTick" time elapsed: 00:00:00
----------------------------------------------------------

43/59 Testing: CareerDataTest.ReputationClampsAtHundred
43/59 Test: CareerDataTest.ReputationClampsAtHundred
Command: "/mnt/c/Users/allen/Downloads/archivedwl-490/League-Soccer/build-wsl-headless/tests/gameplayfootball_career_tests" "--gtest_filter=CareerDataTest.ReputationClampsAtHundred" "--gtest_also_run_disabled_tests"
Directory: /mnt/c/Users/allen/Downloads/archivedwl-490/League-Soccer/build-wsl-headless/tests
"CareerDataTest.ReputationClampsAtHundred" start time: Apr 02 19:55 EDT
Output:
----------------------------------------------------------
Running main() from /mnt/c/Users/allen/Downloads/archivedwl-490/League-Soccer/build-wsl-headless/_deps/googletest-src/googletest/src/gtest_main.cc
Note: Google Test filter = CareerDataTest.ReputationClampsAtHundred
[==========] Running 1 test from 1 test suite.
[----------] Global test environment set-up.
[----------] 1 test from CareerDataTest
[ RUN      ] CareerDataTest.ReputationClampsAtHundred
[       OK ] CareerDataTest.ReputationClampsAtHundred (0 ms)
[----------] 1 test from CareerDataTest (0 ms total)

[----------] Global test environment tear-down
[==========] 1 test from 1 test suite ran. (0 ms total)
[  PASSED  ] 1 test.
<end of output>
Test time =   0.01 sec
----------------------------------------------------------
Test Passed.
"CareerDataTest.ReputationClampsAtHundred" end time: Apr 02 19:55 EDT
"CareerDataTest.ReputationClampsAtHundred" time elapsed: 00:00:00
----------------------------------------------------------

44/59 Testing: CareerDataTest.ReputationClampsAtZero
44/59 Test: CareerDataTest.ReputationClampsAtZero
Command: "/mnt/c/Users/allen/Downloads/archivedwl-490/League-Soccer/build-wsl-headless/tests/gameplayfootball_career_tests" "--gtest_filter=CareerDataTest.ReputationClampsAtZero" "--gtest_also_run_disabled_tests"
Directory: /mnt/c/Users/allen/Downloads/archivedwl-490/League-Soccer/build-wsl-headless/tests
"CareerDataTest.ReputationClampsAtZero" start time: Apr 02 19:55 EDT
Output:
----------------------------------------------------------
Running main() from /mnt/c/Users/allen/Downloads/archivedwl-490/League-Soccer/build-wsl-headless/_deps/googletest-src/googletest/src/gtest_main.cc
Note: Google Test filter = CareerDataTest.ReputationClampsAtZero
[==========] Running 1 test from 1 test suite.
[----------] Global test environment set-up.
[----------] 1 test from CareerDataTest
[ RUN      ] CareerDataTest.ReputationClampsAtZero
[       OK ] CareerDataTest.ReputationClampsAtZero (0 ms)
[----------] 1 test from CareerDataTest (0 ms total)

[----------] Global test environment tear-down
[==========] 1 test from 1 test suite ran. (0 ms total)
[  PASSED  ] 1 test.
<end of output>
Test time =   0.01 sec
----------------------------------------------------------
Test Passed.
"CareerDataTest.ReputationClampsAtZero" end time: Apr 02 19:55 EDT
"CareerDataTest.ReputationClampsAtZero" time elapsed: 00:00:00
----------------------------------------------------------

45/59 Testing: CareerDataTest.ReputationPositiveDelta
45/59 Test: CareerDataTest.ReputationPositiveDelta
Command: "/mnt/c/Users/allen/Downloads/archivedwl-490/League-Soccer/build-wsl-headless/tests/gameplayfootball_career_tests" "--gtest_filter=CareerDataTest.ReputationPositiveDelta" "--gtest_also_run_disabled_tests"
Directory: /mnt/c/Users/allen/Downloads/archivedwl-490/League-Soccer/build-wsl-headless/tests
"CareerDataTest.ReputationPositiveDelta" start time: Apr 02 19:55 EDT
Output:
----------------------------------------------------------
Running main() from /mnt/c/Users/allen/Downloads/archivedwl-490/League-Soccer/build-wsl-headless/_deps/googletest-src/googletest/src/gtest_main.cc
Note: Google Test filter = CareerDataTest.ReputationPositiveDelta
[==========] Running 1 test from 1 test suite.
[----------] Global test environment set-up.
[----------] 1 test from CareerDataTest
[ RUN      ] CareerDataTest.ReputationPositiveDelta
[       OK ] CareerDataTest.ReputationPositiveDelta (0 ms)
[----------] 1 test from CareerDataTest (0 ms total)

[----------] Global test environment tear-down
[==========] 1 test from 1 test suite ran. (0 ms total)
[  PASSED  ] 1 test.
<end of output>
Test time =   0.01 sec
----------------------------------------------------------
Test Passed.
"CareerDataTest.ReputationPositiveDelta" end time: Apr 02 19:55 EDT
"CareerDataTest.ReputationPositiveDelta" time elapsed: 00:00:00
----------------------------------------------------------

46/59 Testing: CareerDataTest.ReputationNegativeDelta
46/59 Test: CareerDataTest.ReputationNegativeDelta
Command: "/mnt/c/Users/allen/Downloads/archivedwl-490/League-Soccer/build-wsl-headless/tests/gameplayfootball_career_tests" "--gtest_filter=CareerDataTest.ReputationNegativeDelta" "--gtest_also_run_disabled_tests"
Directory: /mnt/c/Users/allen/Downloads/archivedwl-490/League-Soccer/build-wsl-headless/tests
"CareerDataTest.ReputationNegativeDelta" start time: Apr 02 19:55 EDT
Output:
----------------------------------------------------------
Running main() from /mnt/c/Users/allen/Downloads/archivedwl-490/League-Soccer/build-wsl-headless/_deps/googletest-src/googletest/src/gtest_main.cc
Note: Google Test filter = CareerDataTest.ReputationNegativeDelta
[==========] Running 1 test from 1 test suite.
[----------] Global test environment set-up.
[----------] 1 test from CareerDataTest
[ RUN      ] CareerDataTest.ReputationNegativeDelta
[       OK ] CareerDataTest.ReputationNegativeDelta (0 ms)
[----------] 1 test from CareerDataTest (0 ms total)

[----------] Global test environment tear-down
[==========] 1 test from 1 test suite ran. (0 ms total)
[  PASSED  ] 1 test.
<end of output>
Test time =   0.01 sec
----------------------------------------------------------
Test Passed.
"CareerDataTest.ReputationNegativeDelta" end time: Apr 02 19:55 EDT
"CareerDataTest.ReputationNegativeDelta" time elapsed: 00:00:00
----------------------------------------------------------

47/59 Testing: CareerDataTest.ReputationNoopForUnknownSave
47/59 Test: CareerDataTest.ReputationNoopForUnknownSave
Command: "/mnt/c/Users/allen/Downloads/archivedwl-490/League-Soccer/build-wsl-headless/tests/gameplayfootball_career_tests" "--gtest_filter=CareerDataTest.ReputationNoopForUnknownSave" "--gtest_also_run_disabled_tests"
Directory: /mnt/c/Users/allen/Downloads/archivedwl-490/League-Soccer/build-wsl-headless/tests
"CareerDataTest.ReputationNoopForUnknownSave" start time: Apr 02 19:55 EDT
Output:
----------------------------------------------------------
Running main() from /mnt/c/Users/allen/Downloads/archivedwl-490/League-Soccer/build-wsl-headless/_deps/googletest-src/googletest/src/gtest_main.cc
Note: Google Test filter = CareerDataTest.ReputationNoopForUnknownSave
[==========] Running 1 test from 1 test suite.
[----------] Global test environment set-up.
[----------] 1 test from CareerDataTest
[ RUN      ] CareerDataTest.ReputationNoopForUnknownSave
[       OK ] CareerDataTest.ReputationNoopForUnknownSave (0 ms)
[----------] 1 test from CareerDataTest (0 ms total)

[----------] Global test environment tear-down
[==========] 1 test from 1 test suite ran. (0 ms total)
[  PASSED  ] 1 test.
<end of output>
Test time =   0.01 sec
----------------------------------------------------------
Test Passed.
"CareerDataTest.ReputationNoopForUnknownSave" end time: Apr 02 19:55 EDT
"CareerDataTest.ReputationNoopForUnknownSave" time elapsed: 00:00:00
----------------------------------------------------------

48/59 Testing: CareerDataTest.SetLeagueExpansionSettingsPersists
48/59 Test: CareerDataTest.SetLeagueExpansionSettingsPersists
Command: "/mnt/c/Users/allen/Downloads/archivedwl-490/League-Soccer/build-wsl-headless/tests/gameplayfootball_career_tests" "--gtest_filter=CareerDataTest.SetLeagueExpansionSettingsPersists" "--gtest_also_run_disabled_tests"
Directory: /mnt/c/Users/allen/Downloads/archivedwl-490/League-Soccer/build-wsl-headless/tests
"CareerDataTest.SetLeagueExpansionSettingsPersists" start time: Apr 02 19:55 EDT
Output:
----------------------------------------------------------
Running main() from /mnt/c/Users/allen/Downloads/archivedwl-490/League-Soccer/build-wsl-headless/_deps/googletest-src/googletest/src/gtest_main.cc
Note: Google Test filter = CareerDataTest.SetLeagueExpansionSettingsPersists
[==========] Running 1 test from 1 test suite.
[----------] Global test environment set-up.
[----------] 1 test from CareerDataTest
[ RUN      ] CareerDataTest.SetLeagueExpansionSettingsPersists
[       OK ] CareerDataTest.SetLeagueExpansionSettingsPersists (0 ms)
[----------] 1 test from CareerDataTest (0 ms total)

[----------] Global test environment tear-down
[==========] 1 test from 1 test suite ran. (0 ms total)
[  PASSED  ] 1 test.
<end of output>
Test time =   0.01 sec
----------------------------------------------------------
Test Passed.
"CareerDataTest.SetLeagueExpansionSettingsPersists" end time: Apr 02 19:55 EDT
"CareerDataTest.SetLeagueExpansionSettingsPersists" time elapsed: 00:00:00
----------------------------------------------------------

49/59 Testing: CareerDataTest.ComputePromotionRelegation_BottomTeamsRelegated
49/59 Test: CareerDataTest.ComputePromotionRelegation_BottomTeamsRelegated
Command: "/mnt/c/Users/allen/Downloads/archivedwl-490/League-Soccer/build-wsl-headless/tests/gameplayfootball_career_tests" "--gtest_filter=CareerDataTest.ComputePromotionRelegation_BottomTeamsRelegated" "--gtest_also_run_disabled_tests"
Directory: /mnt/c/Users/allen/Downloads/archivedwl-490/League-Soccer/build-wsl-headless/tests
"CareerDataTest.ComputePromotionRelegation_BottomTeamsRelegated" start time: Apr 02 19:55 EDT
Output:
----------------------------------------------------------
Running main() from /mnt/c/Users/allen/Downloads/archivedwl-490/League-Soccer/build-wsl-headless/_deps/googletest-src/googletest/src/gtest_main.cc
Note: Google Test filter = CareerDataTest.ComputePromotionRelegation_BottomTeamsRelegated
[==========] Running 1 test from 1 test suite.
[----------] Global test environment set-up.
[----------] 1 test from CareerDataTest
[ RUN      ] CareerDataTest.ComputePromotionRelegation_BottomTeamsRelegated
[       OK ] CareerDataTest.ComputePromotionRelegation_BottomTeamsRelegated (0 ms)
[----------] 1 test from CareerDataTest (0 ms total)

[----------] Global test environment tear-down
[==========] 1 test from 1 test suite ran. (0 ms total)
[  PASSED  ] 1 test.
<end of output>
Test time =   0.01 sec
----------------------------------------------------------
Test Passed.
"CareerDataTest.ComputePromotionRelegation_BottomTeamsRelegated" end time: Apr 02 19:55 EDT
"CareerDataTest.ComputePromotionRelegation_BottomTeamsRelegated" time elapsed: 00:00:00
----------------------------------------------------------

50/59 Testing: CareerDataTest.ComputePromotionRelegation_LastDivisionNotRelegated
50/59 Test: CareerDataTest.ComputePromotionRelegation_LastDivisionNotRelegated
Command: "/mnt/c/Users/allen/Downloads/archivedwl-490/League-Soccer/build-wsl-headless/tests/gameplayfootball_career_tests" "--gtest_filter=CareerDataTest.ComputePromotionRelegation_LastDivisionNotRelegated" "--gtest_also_run_disabled_tests"
Directory: /mnt/c/Users/allen/Downloads/archivedwl-490/League-Soccer/build-wsl-headless/tests
"CareerDataTest.ComputePromotionRelegation_LastDivisionNotRelegated" start time: Apr 02 19:55 EDT
Output:
----------------------------------------------------------
Running main() from /mnt/c/Users/allen/Downloads/archivedwl-490/League-Soccer/build-wsl-headless/_deps/googletest-src/googletest/src/gtest_main.cc
Note: Google Test filter = CareerDataTest.ComputePromotionRelegation_LastDivisionNotRelegated
[==========] Running 1 test from 1 test suite.
[----------] Global test environment set-up.
[----------] 1 test from CareerDataTest
[ RUN      ] CareerDataTest.ComputePromotionRelegation_LastDivisionNotRelegated
[       OK ] CareerDataTest.ComputePromotionRelegation_LastDivisionNotRelegated (0 ms)
[----------] 1 test from CareerDataTest (0 ms total)

[----------] Global test environment tear-down
[==========] 1 test from 1 test suite ran. (0 ms total)
[  PASSED  ] 1 test.
<end of output>
Test time =   0.01 sec
----------------------------------------------------------
Test Passed.
"CareerDataTest.ComputePromotionRelegation_LastDivisionNotRelegated" end time: Apr 02 19:55 EDT
"CareerDataTest.ComputePromotionRelegation_LastDivisionNotRelegated" time elapsed: 00:00:00
----------------------------------------------------------

51/59 Testing: CareerDataTest.ComputePromotionRelegation_EmptyStandings
51/59 Test: CareerDataTest.ComputePromotionRelegation_EmptyStandings
Command: "/mnt/c/Users/allen/Downloads/archivedwl-490/League-Soccer/build-wsl-headless/tests/gameplayfootball_career_tests" "--gtest_filter=CareerDataTest.ComputePromotionRelegation_EmptyStandings" "--gtest_also_run_disabled_tests"
Directory: /mnt/c/Users/allen/Downloads/archivedwl-490/League-Soccer/build-wsl-headless/tests
"CareerDataTest.ComputePromotionRelegation_EmptyStandings" start time: Apr 02 19:55 EDT
Output:
----------------------------------------------------------
Running main() from /mnt/c/Users/allen/Downloads/archivedwl-490/League-Soccer/build-wsl-headless/_deps/googletest-src/googletest/src/gtest_main.cc
Note: Google Test filter = CareerDataTest.ComputePromotionRelegation_EmptyStandings
[==========] Running 1 test from 1 test suite.
[----------] Global test environment set-up.
[----------] 1 test from CareerDataTest
[ RUN      ] CareerDataTest.ComputePromotionRelegation_EmptyStandings
[       OK ] CareerDataTest.ComputePromotionRelegation_EmptyStandings (0 ms)
[----------] 1 test from CareerDataTest (0 ms total)

[----------] Global test environment tear-down
[==========] 1 test from 1 test suite ran. (0 ms total)
[  PASSED  ] 1 test.
<end of output>
Test time =   0.01 sec
----------------------------------------------------------
Test Passed.
"CareerDataTest.ComputePromotionRelegation_EmptyStandings" end time: Apr 02 19:55 EDT
"CareerDataTest.ComputePromotionRelegation_EmptyStandings" time elapsed: 00:00:00
----------------------------------------------------------

52/59 Testing: CareerDataTest.SetCustomLeaguePersists
52/59 Test: CareerDataTest.SetCustomLeaguePersists
Command: "/mnt/c/Users/allen/Downloads/archivedwl-490/League-Soccer/build-wsl-headless/tests/gameplayfootball_career_tests" "--gtest_filter=CareerDataTest.SetCustomLeaguePersists" "--gtest_also_run_disabled_tests"
Directory: /mnt/c/Users/allen/Downloads/archivedwl-490/League-Soccer/build-wsl-headless/tests
"CareerDataTest.SetCustomLeaguePersists" start time: Apr 02 19:55 EDT
Output:
----------------------------------------------------------
Running main() from /mnt/c/Users/allen/Downloads/archivedwl-490/League-Soccer/build-wsl-headless/_deps/googletest-src/googletest/src/gtest_main.cc
Note: Google Test filter = CareerDataTest.SetCustomLeaguePersists
[==========] Running 1 test from 1 test suite.
[----------] Global test environment set-up.
[----------] 1 test from CareerDataTest
[ RUN      ] CareerDataTest.SetCustomLeaguePersists
[       OK ] CareerDataTest.SetCustomLeaguePersists (0 ms)
[----------] 1 test from CareerDataTest (0 ms total)

[----------] Global test environment tear-down
[==========] 1 test from 1 test suite ran. (0 ms total)
[  PASSED  ] 1 test.
<end of output>
Test time =   0.01 sec
----------------------------------------------------------
Test Passed.
"CareerDataTest.SetCustomLeaguePersists" end time: Apr 02 19:55 EDT
"CareerDataTest.SetCustomLeaguePersists" time elapsed: 00:00:00
----------------------------------------------------------

53/59 Testing: CareerDataTest.SetCustomLeagueNoopForUnknownSave
53/59 Test: CareerDataTest.SetCustomLeagueNoopForUnknownSave
Command: "/mnt/c/Users/allen/Downloads/archivedwl-490/League-Soccer/build-wsl-headless/tests/gameplayfootball_career_tests" "--gtest_filter=CareerDataTest.SetCustomLeagueNoopForUnknownSave" "--gtest_also_run_disabled_tests"
Directory: /mnt/c/Users/allen/Downloads/archivedwl-490/League-Soccer/build-wsl-headless/tests
"CareerDataTest.SetCustomLeagueNoopForUnknownSave" start time: Apr 02 19:55 EDT
Output:
----------------------------------------------------------
Running main() from /mnt/c/Users/allen/Downloads/archivedwl-490/League-Soccer/build-wsl-headless/_deps/googletest-src/googletest/src/gtest_main.cc
Note: Google Test filter = CareerDataTest.SetCustomLeagueNoopForUnknownSave
[==========] Running 1 test from 1 test suite.
[----------] Global test environment set-up.
[----------] 1 test from CareerDataTest
[ RUN      ] CareerDataTest.SetCustomLeagueNoopForUnknownSave
[       OK ] CareerDataTest.SetCustomLeagueNoopForUnknownSave (0 ms)
[----------] 1 test from CareerDataTest (0 ms total)

[----------] Global test environment tear-down
[==========] 1 test from 1 test suite ran. (0 ms total)
[  PASSED  ] 1 test.
<end of output>
Test time =   0.01 sec
----------------------------------------------------------
Test Passed.
"CareerDataTest.SetCustomLeagueNoopForUnknownSave" end time: Apr 02 19:55 EDT
"CareerDataTest.SetCustomLeagueNoopForUnknownSave" time elapsed: 00:00:00
----------------------------------------------------------

54/59 Testing: DraftDataTest.ProjectedPickMatchesSortedOrder
54/59 Test: DraftDataTest.ProjectedPickMatchesSortedOrder
Command: "/mnt/c/Users/allen/Downloads/archivedwl-490/League-Soccer/build-wsl-headless/tests/gameplayfootball_career_tests" "--gtest_filter=DraftDataTest.ProjectedPickMatchesSortedOrder" "--gtest_also_run_disabled_tests"
Directory: /mnt/c/Users/allen/Downloads/archivedwl-490/League-Soccer/build-wsl-headless/tests
"DraftDataTest.ProjectedPickMatchesSortedOrder" start time: Apr 02 19:55 EDT
Output:
----------------------------------------------------------
Running main() from /mnt/c/Users/allen/Downloads/archivedwl-490/League-Soccer/build-wsl-headless/_deps/googletest-src/googletest/src/gtest_main.cc
Note: Google Test filter = DraftDataTest.ProjectedPickMatchesSortedOrder
[==========] Running 1 test from 1 test suite.
[----------] Global test environment set-up.
[----------] 1 test from DraftDataTest
[ RUN      ] DraftDataTest.ProjectedPickMatchesSortedOrder
[       OK ] DraftDataTest.ProjectedPickMatchesSortedOrder (0 ms)
[----------] 1 test from DraftDataTest (0 ms total)

[----------] Global test environment tear-down
[==========] 1 test from 1 test suite ran. (0 ms total)
[  PASSED  ] 1 test.
<end of output>
Test time =   0.01 sec
----------------------------------------------------------
Test Passed.
"DraftDataTest.ProjectedPickMatchesSortedOrder" end time: Apr 02 19:55 EDT
"DraftDataTest.ProjectedPickMatchesSortedOrder" time elapsed: 00:00:00
----------------------------------------------------------

55/59 Testing: DraftDataTest.ProjectedPickIsOneForBestProspect
55/59 Test: DraftDataTest.ProjectedPickIsOneForBestProspect
Command: "/mnt/c/Users/allen/Downloads/archivedwl-490/League-Soccer/build-wsl-headless/tests/gameplayfootball_career_tests" "--gtest_filter=DraftDataTest.ProjectedPickIsOneForBestProspect" "--gtest_also_run_disabled_tests"
Directory: /mnt/c/Users/allen/Downloads/archivedwl-490/League-Soccer/build-wsl-headless/tests
"DraftDataTest.ProjectedPickIsOneForBestProspect" start time: Apr 02 19:55 EDT
Output:
----------------------------------------------------------
Running main() from /mnt/c/Users/allen/Downloads/archivedwl-490/League-Soccer/build-wsl-headless/_deps/googletest-src/googletest/src/gtest_main.cc
Note: Google Test filter = DraftDataTest.ProjectedPickIsOneForBestProspect
[==========] Running 1 test from 1 test suite.
[----------] Global test environment set-up.
[----------] 1 test from DraftDataTest
[ RUN      ] DraftDataTest.ProjectedPickIsOneForBestProspect
[       OK ] DraftDataTest.ProjectedPickIsOneForBestProspect (0 ms)
[----------] 1 test from DraftDataTest (0 ms total)

[----------] Global test environment tear-down
[==========] 1 test from 1 test suite ran. (0 ms total)
[  PASSED  ] 1 test.
<end of output>
Test time =   0.01 sec
----------------------------------------------------------
Test Passed.
"DraftDataTest.ProjectedPickIsOneForBestProspect" end time: Apr 02 19:55 EDT
"DraftDataTest.ProjectedPickIsOneForBestProspect" time elapsed: 00:00:00
----------------------------------------------------------

56/59 Testing: ScoutingNetworkTest.UncertaintyAtSkill100Is5
56/59 Test: ScoutingNetworkTest.UncertaintyAtSkill100Is5
Command: "/mnt/c/Users/allen/Downloads/archivedwl-490/League-Soccer/build-wsl-headless/tests/gameplayfootball_career_tests" "--gtest_filter=ScoutingNetworkTest.UncertaintyAtSkill100Is5" "--gtest_also_run_disabled_tests"
Directory: /mnt/c/Users/allen/Downloads/archivedwl-490/League-Soccer/build-wsl-headless/tests
"ScoutingNetworkTest.UncertaintyAtSkill100Is5" start time: Apr 02 19:55 EDT
Output:
----------------------------------------------------------
Running main() from /mnt/c/Users/allen/Downloads/archivedwl-490/League-Soccer/build-wsl-headless/_deps/googletest-src/googletest/src/gtest_main.cc
Note: Google Test filter = ScoutingNetworkTest.UncertaintyAtSkill100Is5
[==========] Running 1 test from 1 test suite.
[----------] Global test environment set-up.
[----------] 1 test from ScoutingNetworkTest
[ RUN      ] ScoutingNetworkTest.UncertaintyAtSkill100Is5
[       OK ] ScoutingNetworkTest.UncertaintyAtSkill100Is5 (0 ms)
[----------] 1 test from ScoutingNetworkTest (0 ms total)

[----------] Global test environment tear-down
[==========] 1 test from 1 test suite ran. (0 ms total)
[  PASSED  ] 1 test.
<end of output>
Test time =   0.01 sec
----------------------------------------------------------
Test Passed.
"ScoutingNetworkTest.UncertaintyAtSkill100Is5" end time: Apr 02 19:55 EDT
"ScoutingNetworkTest.UncertaintyAtSkill100Is5" time elapsed: 00:00:00
----------------------------------------------------------

57/59 Testing: ScoutingNetworkTest.UncertaintyAtSkill0Is30
57/59 Test: ScoutingNetworkTest.UncertaintyAtSkill0Is30
Command: "/mnt/c/Users/allen/Downloads/archivedwl-490/League-Soccer/build-wsl-headless/tests/gameplayfootball_career_tests" "--gtest_filter=ScoutingNetworkTest.UncertaintyAtSkill0Is30" "--gtest_also_run_disabled_tests"
Directory: /mnt/c/Users/allen/Downloads/archivedwl-490/League-Soccer/build-wsl-headless/tests
"ScoutingNetworkTest.UncertaintyAtSkill0Is30" start time: Apr 02 19:55 EDT
Output:
----------------------------------------------------------
Running main() from /mnt/c/Users/allen/Downloads/archivedwl-490/League-Soccer/build-wsl-headless/_deps/googletest-src/googletest/src/gtest_main.cc
Note: Google Test filter = ScoutingNetworkTest.UncertaintyAtSkill0Is30
[==========] Running 1 test from 1 test suite.
[----------] Global test environment set-up.
[----------] 1 test from ScoutingNetworkTest
[ RUN      ] ScoutingNetworkTest.UncertaintyAtSkill0Is30
[       OK ] ScoutingNetworkTest.UncertaintyAtSkill0Is30 (0 ms)
[----------] 1 test from ScoutingNetworkTest (0 ms total)

[----------] Global test environment tear-down
[==========] 1 test from 1 test suite ran. (0 ms total)
[  PASSED  ] 1 test.
<end of output>
Test time =   0.01 sec
----------------------------------------------------------
Test Passed.
"ScoutingNetworkTest.UncertaintyAtSkill0Is30" end time: Apr 02 19:55 EDT
"ScoutingNetworkTest.UncertaintyAtSkill0Is30" time elapsed: 00:00:00
----------------------------------------------------------

58/59 Testing: ScoutingNetworkTest.UncertaintyAtSkill50Is18
58/59 Test: ScoutingNetworkTest.UncertaintyAtSkill50Is18
Command: "/mnt/c/Users/allen/Downloads/archivedwl-490/League-Soccer/build-wsl-headless/tests/gameplayfootball_career_tests" "--gtest_filter=ScoutingNetworkTest.UncertaintyAtSkill50Is18" "--gtest_also_run_disabled_tests"
Directory: /mnt/c/Users/allen/Downloads/archivedwl-490/League-Soccer/build-wsl-headless/tests
"ScoutingNetworkTest.UncertaintyAtSkill50Is18" start time: Apr 02 19:55 EDT
Output:
----------------------------------------------------------
Running main() from /mnt/c/Users/allen/Downloads/archivedwl-490/League-Soccer/build-wsl-headless/_deps/googletest-src/googletest/src/gtest_main.cc
Note: Google Test filter = ScoutingNetworkTest.UncertaintyAtSkill50Is18
[==========] Running 1 test from 1 test suite.
[----------] Global test environment set-up.
[----------] 1 test from ScoutingNetworkTest
[ RUN      ] ScoutingNetworkTest.UncertaintyAtSkill50Is18
[       OK ] ScoutingNetworkTest.UncertaintyAtSkill50Is18 (0 ms)
[----------] 1 test from ScoutingNetworkTest (0 ms total)

[----------] Global test environment tear-down
[==========] 1 test from 1 test suite ran. (0 ms total)
[  PASSED  ] 1 test.
<end of output>
Test time =   0.01 sec
----------------------------------------------------------
Test Passed.
"ScoutingNetworkTest.UncertaintyAtSkill50Is18" end time: Apr 02 19:55 EDT
"ScoutingNetworkTest.UncertaintyAtSkill50Is18" time elapsed: 00:00:00
----------------------------------------------------------

59/59 Testing: ScoutingNetworkTest.NoScoutUsesDefaultSkill50
59/59 Test: ScoutingNetworkTest.NoScoutUsesDefaultSkill50
Command: "/mnt/c/Users/allen/Downloads/archivedwl-490/League-Soccer/build-wsl-headless/tests/gameplayfootball_career_tests" "--gtest_filter=ScoutingNetworkTest.NoScoutUsesDefaultSkill50" "--gtest_also_run_disabled_tests"
Directory: /mnt/c/Users/allen/Downloads/archivedwl-490/League-Soccer/build-wsl-headless/tests
"ScoutingNetworkTest.NoScoutUsesDefaultSkill50" start time: Apr 02 19:55 EDT
Output:
----------------------------------------------------------
Running main() from /mnt/c/Users/allen/Downloads/archivedwl-490/League-Soccer/build-wsl-headless/_deps/googletest-src/googletest/src/gtest_main.cc
Note: Google Test filter = ScoutingNetworkTest.NoScoutUsesDefaultSkill50
[==========] Running 1 test from 1 test suite.
[----------] Global test environment set-up.
[----------] 1 test from ScoutingNetworkTest
[ RUN      ] ScoutingNetworkTest.NoScoutUsesDefaultSkill50
[       OK ] ScoutingNetworkTest.NoScoutUsesDefaultSkill50 (0 ms)
[----------] 1 test from ScoutingNetworkTest (0 ms total)

[----------] Global test environment tear-down
[==========] 1 test from 1 test suite ran. (0 ms total)
[  PASSED  ] 1 test.
<end of output>
Test time =   0.01 sec
----------------------------------------------------------
Test Passed.
"ScoutingNetworkTest.NoScoutUsesDefaultSkill50" end time: Apr 02 19:55 EDT
"ScoutingNetworkTest.NoScoutUsesDefaultSkill50" time elapsed: 00:00:00
----------------------------------------------------------

End testing: Apr 02 19:55 EDT
